<?xml version="1.0" encoding="UTF-8"?>
<testsuite xmlns:xsi="http://www.w3.org/2001/XMLSchema-instance" xsi:noNamespaceSchemaLocation="https://maven.apache.org/surefire/maven-surefire-plugin/xsd/surefire-test-report.xsd" version="3.0.2" name="mx.com.qtx.seguridad.integration.KeyControllerIntegrationTest" time="5.969" tests="15" errors="0" skipped="0" failures="0">
  <properties>
[...]
</properties>
  <testcase name="shouldIncludeWarningsOnSensitiveEndpoints" classname="mx.com.qtx.seguridad.integration.KeyControllerIntegrationTest" time="0.965">
    <system-out><![CDATA[17:10:03.733 [main] INFO  o.s.t.c.s.AnnotationConfigContextLoaderUtils - Could not detect default configuration classes for test class [mx.com.qtx.seguridad.integration.KeyControllerIntegrationTest]: KeyControllerIntegrationTest does not declare any static, non-private, non-final, nested classes annotated with @Configuration.

  .   ____          _            __ _ _
 /\\ / ___'_ __ _ _(_)_ __  __ _ \ \ \ \
( ( )\___ | '_ | '_| | '_ \/ _` | \ \ \ \
 \\/  ___)| |_)| | | | | || (_| |  ) ) ) )
  '  |____| .__|_| |_|_| |_\__, | / / / /
 =========|_|==============|___/=/_/_/_/

 :: Spring Boot ::                (v3.5.3)

17:10:03.807 [main] INFO  m.c.q.s.i.KeyControllerIntegrationTest - Starting KeyControllerIntegrationTest using Java 21.0.3 with PID 103766 (started by usuario in /home/usuario/Asp/github repositorios/curso/CotizadorPcPartes/ms-seguridad)
17:10:03.808 [main] DEBUG m.c.q.s.i.KeyControllerIntegrationTest - Running with Spring Boot v3.5.3, Spring v6.2.8
17:10:03.808 [main] INFO  m.c.q.s.i.KeyControllerIntegrationTest - The following 1 profile is active: "test"
17:10:04.293 [main] INFO  o.s.d.r.c.RepositoryConfigurationDelegate - Bootstrapping Spring Data JPA repositories in DEFAULT mode.
17:10:04.308 [main] INFO  o.s.d.r.c.RepositoryConfigurationDelegate - Finished Spring Data repository scanning in 13 ms. Found 3 JPA repository interfaces.
17:10:04.608 [main] INFO  o.a.coyote.http11.Http11NioProtocol - Initializing ProtocolHandler ["http-nio-auto-1"]
17:10:04.609 [main] INFO  o.a.catalina.core.StandardService - Starting service [Tomcat]
17:10:04.610 [main] INFO  o.a.catalina.core.StandardEngine - Starting Servlet engine: [Apache Tomcat/10.1.42]
17:10:04.650 [main] INFO  o.a.c.c.C.[.[.[/seguridad/v1/api] - Initializing Spring embedded WebApplicationContext
17:10:04.726 [main] INFO  m.c.q.s.config.RsaKeyProvider - Generando nuevo par de llaves RSA de 2048 bits
17:10:04.904 [main] INFO  m.c.q.s.config.RsaKeyProvider - Par de llaves RSA generado exitosamente en Wed Jul 02 17:10:04 MST 2025
17:10:04.982 [main] INFO  o.s.o.j.p.SpringPersistenceUnitInfo - No LoadTimeWeaver setup: ignoring JPA class transformer
17:10:05.016 [main] WARN  org.hibernate.orm.deprecation - HHH90000025: MySQLDialect does not need to be specified explicitly using 'hibernate.dialect' (remove the property setting and it will be selected by default)
17:10:05.091 [main] INFO  o.s.o.j.LocalContainerEntityManagerFactoryBean - Initialized JPA EntityManagerFactory for persistence unit 'default'
17:10:05.255 [main] DEBUG m.c.q.s.s.JwtAuthenticationFilter - Filter 'jwtAuthenticationFilter' configured for use
17:10:05.280 [main] INFO  m.c.q.s.service.KeyManagementService - Iniciando KeyManagementService...
17:10:05.280 [main] INFO  m.c.q.s.service.KeyManagementService - KeyManagementService inicializado exitosamente
17:10:05.280 [main] INFO  m.c.q.s.service.KeyManagementService - Estado de llaves: RSA Key Info - Algorithm: RSA, KeySize: 2048 bits, Generated: Wed Jul 02 17:10:04 MST 2025, Modulus Length: 2048
17:10:05.359 [main] WARN  o.s.b.a.o.j.JpaBaseConfiguration$JpaWebConfiguration - spring.jpa.open-in-view is enabled by default. Therefore, database queries may be performed during view rendering. Explicitly configure spring.jpa.open-in-view to disable this warning
17:10:06.014 [main] INFO  o.a.coyote.http11.Http11NioProtocol - Starting ProtocolHandler ["http-nio-auto-1"]
17:10:06.034 [main] INFO  m.c.q.s.i.KeyControllerIntegrationTest - Started KeyControllerIntegrationTest in 2.283 seconds (process running for 19.673)
17:10:06.256 [http-nio-auto-1-exec-1] INFO  o.a.c.c.C.[.[.[/seguridad/v1/api] - Initializing Spring DispatcherServlet 'dispatcherServlet'
17:10:06.373 [http-nio-auto-1-exec-1] INFO  m.c.q.seguridad.service.AuthService - Intento de autenticación para usuario: admin
17:10:06.460 [http-nio-auto-1-exec-1] DEBUG org.hibernate.SQL - 
    /* <criteria> */ select
        u1_0.id,
        u1_0.activo,
        u1_0.fecha_creacion,
        u1_0.fecha_modificacion,
        u1_0.password,
        u1_0.usuario 
    from
        usuario u1_0 
    where
        u1_0.usuario=? 
        and u1_0.activo=?
17:10:06.797 [http-nio-auto-1-exec-1] DEBUG org.hibernate.SQL - 
    /* SELECT
        ra 
    FROM
        RolAsignado ra 
    JOIN
        
    FETCH
        ra.rol r 
    WHERE
        ra.usuario.id = :usuarioId 
        AND ra.activo = true 
        AND r.activo = true */ select
            ra1_0.id_rol,
            ra1_0.id_usuario,
            ra1_0.activo,
            ra1_0.fecha_creacion,
            ra1_0.fecha_modificacion,
            r1_0.id,
            r1_0.activo,
            r1_0.fecha_creacion,
            r1_0.fecha_modificacion,
            r1_0.nombre 
        from
            rol_asignado ra1_0 
        join
            rol r1_0 
                on r1_0.id=ra1_0.id_rol 
        where
            ra1_0.id_usuario=? 
            and ra1_0.activo=1 
            and r1_0.activo=1
17:10:06.807 [http-nio-auto-1-exec-1] DEBUG m.c.qtx.seguridad.service.JwtService - Configuración JWT - accessTokenExpiration: 3600000 ms
17:10:06.807 [http-nio-auto-1-exec-1] DEBUG m.c.qtx.seguridad.service.JwtService - Token times - now: Wed Jul 02 17:10:06 MST 2025, expiration: Wed Jul 02 18:10:06 MST 2025
17:10:06.866 [http-nio-auto-1-exec-1] DEBUG m.c.qtx.seguridad.service.JwtService - Access token generado para usuario: admin con roles: [ADMIN]
17:10:06.869 [http-nio-auto-1-exec-1] DEBUG m.c.qtx.seguridad.service.JwtService - Refresh token generado para usuario: admin
17:10:06.869 [http-nio-auto-1-exec-1] INFO  m.c.q.seguridad.service.AuthService - Autenticación exitosa para usuario: admin con roles: [ADMIN]
17:10:06.949 [http-nio-auto-1-exec-2] DEBUG m.c.qtx.seguridad.service.JwtService - Token validado exitosamente para usuario: admin
17:10:06.951 [http-nio-auto-1-exec-2] DEBUG m.c.qtx.seguridad.service.JwtService - Token validado exitosamente para usuario: admin
17:10:06.955 [http-nio-auto-1-exec-2] DEBUG m.c.qtx.seguridad.service.JwtService - Token validado exitosamente para usuario: admin
17:10:06.957 [http-nio-auto-1-exec-2] DEBUG m.c.qtx.seguridad.service.JwtService - Token validado exitosamente para usuario: admin
17:10:06.958 [http-nio-auto-1-exec-2] DEBUG m.c.qtx.seguridad.service.JwtService - Token validado exitosamente para usuario: admin
17:10:06.959 [http-nio-auto-1-exec-2] DEBUG m.c.qtx.seguridad.service.JwtService - Token validado exitosamente para usuario: admin
17:10:06.961 [http-nio-auto-1-exec-2] DEBUG m.c.q.s.s.JwtAuthenticationFilter - Usuario autenticado: admin con roles: [ADMIN]
17:10:07.006 [http-nio-auto-1-exec-3] DEBUG m.c.qtx.seguridad.service.JwtService - Token validado exitosamente para usuario: admin
17:10:07.007 [http-nio-auto-1-exec-3] DEBUG m.c.qtx.seguridad.service.JwtService - Token validado exitosamente para usuario: admin
17:10:07.011 [http-nio-auto-1-exec-3] DEBUG m.c.qtx.seguridad.service.JwtService - Token validado exitosamente para usuario: admin
17:10:07.013 [http-nio-auto-1-exec-3] DEBUG m.c.qtx.seguridad.service.JwtService - Token validado exitosamente para usuario: admin
17:10:07.014 [http-nio-auto-1-exec-3] DEBUG m.c.qtx.seguridad.service.JwtService - Token validado exitosamente para usuario: admin
17:10:07.015 [http-nio-auto-1-exec-3] DEBUG m.c.qtx.seguridad.service.JwtService - Token validado exitosamente para usuario: admin
17:10:07.016 [http-nio-auto-1-exec-3] DEBUG m.c.q.s.s.JwtAuthenticationFilter - Usuario autenticado: admin con roles: [ADMIN]
17:10:07.019 [http-nio-auto-1-exec-3] WARN  m.c.q.s.service.KeyManagementService - Generando nuevas llaves RSA por solicitud
17:10:07.020 [http-nio-auto-1-exec-3] WARN  m.c.q.s.config.RsaKeyProvider - Iniciando rotación de llaves RSA
17:10:07.020 [http-nio-auto-1-exec-3] INFO  m.c.q.s.config.RsaKeyProvider - Generando nuevo par de llaves RSA de 2048 bits
17:10:07.077 [http-nio-auto-1-exec-3] INFO  m.c.q.s.config.RsaKeyProvider - Par de llaves RSA generado exitosamente en Wed Jul 02 17:10:07 MST 2025
17:10:07.077 [http-nio-auto-1-exec-3] WARN  m.c.q.s.config.RsaKeyProvider - Rotación de llaves completada. Llaves anteriores generadas en Wed Jul 02 17:10:04 MST 2025 han sido invalidadas
]]></system-out>
  </testcase>
  <testcase name="shouldReturnCompleteKeyPairForAdmin" classname="mx.com.qtx.seguridad.integration.KeyControllerIntegrationTest" time="0.367">
    <system-out><![CDATA[17:10:07.095 [http-nio-auto-1-exec-4] INFO  m.c.q.seguridad.service.AuthService - Intento de autenticación para usuario: admin
17:10:07.097 [http-nio-auto-1-exec-4] DEBUG org.hibernate.SQL - 
    /* <criteria> */ select
        u1_0.id,
        u1_0.activo,
        u1_0.fecha_creacion,
        u1_0.fecha_modificacion,
        u1_0.password,
        u1_0.usuario 
    from
        usuario u1_0 
    where
        u1_0.usuario=? 
        and u1_0.activo=?
17:10:07.385 [http-nio-auto-1-exec-4] DEBUG org.hibernate.SQL - 
    /* SELECT
        ra 
    FROM
        RolAsignado ra 
    JOIN
        
    FETCH
        ra.rol r 
    WHERE
        ra.usuario.id = :usuarioId 
        AND ra.activo = true 
        AND r.activo = true */ select
            ra1_0.id_rol,
            ra1_0.id_usuario,
            ra1_0.activo,
            ra1_0.fecha_creacion,
            ra1_0.fecha_modificacion,
            r1_0.id,
            r1_0.activo,
            r1_0.fecha_creacion,
            r1_0.fecha_modificacion,
            r1_0.nombre 
        from
            rol_asignado ra1_0 
        join
            rol r1_0 
                on r1_0.id=ra1_0.id_rol 
        where
            ra1_0.id_usuario=? 
            and ra1_0.activo=1 
            and r1_0.activo=1
17:10:07.389 [http-nio-auto-1-exec-4] DEBUG m.c.qtx.seguridad.service.JwtService - Configuración JWT - accessTokenExpiration: 3600000 ms
17:10:07.389 [http-nio-auto-1-exec-4] DEBUG m.c.qtx.seguridad.service.JwtService - Token times - now: Wed Jul 02 17:10:07 MST 2025, expiration: Wed Jul 02 18:10:07 MST 2025
17:10:07.392 [http-nio-auto-1-exec-4] DEBUG m.c.qtx.seguridad.service.JwtService - Access token generado para usuario: admin con roles: [ADMIN]
17:10:07.394 [http-nio-auto-1-exec-4] DEBUG m.c.qtx.seguridad.service.JwtService - Refresh token generado para usuario: admin
17:10:07.395 [http-nio-auto-1-exec-4] INFO  m.c.q.seguridad.service.AuthService - Autenticación exitosa para usuario: admin con roles: [ADMIN]
17:10:07.410 [http-nio-auto-1-exec-5] DEBUG m.c.qtx.seguridad.service.JwtService - Token validado exitosamente para usuario: admin
17:10:07.411 [http-nio-auto-1-exec-5] DEBUG m.c.qtx.seguridad.service.JwtService - Token validado exitosamente para usuario: admin
17:10:07.415 [http-nio-auto-1-exec-5] DEBUG m.c.qtx.seguridad.service.JwtService - Token validado exitosamente para usuario: admin
17:10:07.417 [http-nio-auto-1-exec-5] DEBUG m.c.qtx.seguridad.service.JwtService - Token validado exitosamente para usuario: admin
17:10:07.421 [http-nio-auto-1-exec-5] DEBUG m.c.qtx.seguridad.service.JwtService - Token validado exitosamente para usuario: admin
17:10:07.428 [http-nio-auto-1-exec-5] DEBUG m.c.qtx.seguridad.service.JwtService - Token validado exitosamente para usuario: admin
17:10:07.428 [http-nio-auto-1-exec-5] DEBUG m.c.q.s.s.JwtAuthenticationFilter - Usuario autenticado: admin con roles: [ADMIN]
]]></system-out>
  </testcase>
  <testcase name="shouldRejectUnsupportedHttpMethods" classname="mx.com.qtx.seguridad.integration.KeyControllerIntegrationTest" time="0.375">
    <system-out><![CDATA[17:10:07.466 [http-nio-auto-1-exec-6] INFO  m.c.q.seguridad.service.AuthService - Intento de autenticación para usuario: admin
17:10:07.469 [http-nio-auto-1-exec-6] DEBUG org.hibernate.SQL - 
    /* <criteria> */ select
        u1_0.id,
        u1_0.activo,
        u1_0.fecha_creacion,
        u1_0.fecha_modificacion,
        u1_0.password,
        u1_0.usuario 
    from
        usuario u1_0 
    where
        u1_0.usuario=? 
        and u1_0.activo=?
17:10:07.746 [http-nio-auto-1-exec-6] DEBUG org.hibernate.SQL - 
    /* SELECT
        ra 
    FROM
        RolAsignado ra 
    JOIN
        
    FETCH
        ra.rol r 
    WHERE
        ra.usuario.id = :usuarioId 
        AND ra.activo = true 
        AND r.activo = true */ select
            ra1_0.id_rol,
            ra1_0.id_usuario,
            ra1_0.activo,
            ra1_0.fecha_creacion,
            ra1_0.fecha_modificacion,
            r1_0.id,
            r1_0.activo,
            r1_0.fecha_creacion,
            r1_0.fecha_modificacion,
            r1_0.nombre 
        from
            rol_asignado ra1_0 
        join
            rol r1_0 
                on r1_0.id=ra1_0.id_rol 
        where
            ra1_0.id_usuario=? 
            and ra1_0.activo=1 
            and r1_0.activo=1
17:10:07.749 [http-nio-auto-1-exec-6] DEBUG m.c.qtx.seguridad.service.JwtService - Configuración JWT - accessTokenExpiration: 3600000 ms
17:10:07.750 [http-nio-auto-1-exec-6] DEBUG m.c.qtx.seguridad.service.JwtService - Token times - now: Wed Jul 02 17:10:07 MST 2025, expiration: Wed Jul 02 18:10:07 MST 2025
17:10:07.752 [http-nio-auto-1-exec-6] DEBUG m.c.qtx.seguridad.service.JwtService - Access token generado para usuario: admin con roles: [ADMIN]
17:10:07.753 [http-nio-auto-1-exec-6] DEBUG m.c.qtx.seguridad.service.JwtService - Refresh token generado para usuario: admin
17:10:07.754 [http-nio-auto-1-exec-6] INFO  m.c.q.seguridad.service.AuthService - Autenticación exitosa para usuario: admin con roles: [ADMIN]
17:10:07.768 [http-nio-auto-1-exec-7] WARN  m.c.q.s.security.JwtExceptionHandler - Error de autenticación para /seguridad/v1/api/keys/public: Full authentication is required to access this resource
17:10:07.778 [http-nio-auto-1-exec-8] DEBUG m.c.qtx.seguridad.service.JwtService - Token validado exitosamente para usuario: admin
17:10:07.779 [http-nio-auto-1-exec-8] DEBUG m.c.qtx.seguridad.service.JwtService - Token validado exitosamente para usuario: admin
17:10:07.782 [http-nio-auto-1-exec-8] DEBUG m.c.qtx.seguridad.service.JwtService - Token validado exitosamente para usuario: admin
17:10:07.783 [http-nio-auto-1-exec-8] DEBUG m.c.qtx.seguridad.service.JwtService - Token validado exitosamente para usuario: admin
17:10:07.784 [http-nio-auto-1-exec-8] DEBUG m.c.qtx.seguridad.service.JwtService - Token validado exitosamente para usuario: admin
17:10:07.784 [http-nio-auto-1-exec-8] DEBUG m.c.qtx.seguridad.service.JwtService - Token validado exitosamente para usuario: admin
17:10:07.785 [http-nio-auto-1-exec-8] DEBUG m.c.q.s.s.JwtAuthenticationFilter - Usuario autenticado: admin con roles: [ADMIN]
17:10:07.788 [http-nio-auto-1-exec-8] WARN  o.s.w.s.m.s.DefaultHandlerExceptionResolver - Resolved [org.springframework.web.HttpRequestMethodNotSupportedException: Request method 'DELETE' is not supported]
17:10:07.807 [http-nio-auto-1-exec-9] DEBUG m.c.qtx.seguridad.service.JwtService - Token validado exitosamente para usuario: admin
17:10:07.808 [http-nio-auto-1-exec-9] DEBUG m.c.qtx.seguridad.service.JwtService - Token validado exitosamente para usuario: admin
17:10:07.811 [http-nio-auto-1-exec-9] DEBUG m.c.qtx.seguridad.service.JwtService - Token validado exitosamente para usuario: admin
17:10:07.812 [http-nio-auto-1-exec-9] DEBUG m.c.qtx.seguridad.service.JwtService - Token validado exitosamente para usuario: admin
17:10:07.813 [http-nio-auto-1-exec-9] DEBUG m.c.qtx.seguridad.service.JwtService - Token validado exitosamente para usuario: admin
17:10:07.814 [http-nio-auto-1-exec-9] DEBUG m.c.qtx.seguridad.service.JwtService - Token validado exitosamente para usuario: admin
17:10:07.814 [http-nio-auto-1-exec-9] DEBUG m.c.q.s.s.JwtAuthenticationFilter - Usuario autenticado: admin con roles: [ADMIN]
17:10:07.817 [http-nio-auto-1-exec-9] WARN  o.s.w.s.m.s.DefaultHandlerExceptionResolver - Resolved [org.springframework.web.HttpRequestMethodNotSupportedException: Request method 'GET' is not supported]
]]></system-out>
  </testcase>
  <testcase name="shouldGenerateNewKeysForAdmin" classname="mx.com.qtx.seguridad.integration.KeyControllerIntegrationTest" time="0.398">
    <system-out><![CDATA[17:10:07.841 [http-nio-auto-1-exec-10] INFO  m.c.q.seguridad.service.AuthService - Intento de autenticación para usuario: admin
17:10:07.843 [http-nio-auto-1-exec-10] DEBUG org.hibernate.SQL - 
    /* <criteria> */ select
        u1_0.id,
        u1_0.activo,
        u1_0.fecha_creacion,
        u1_0.fecha_modificacion,
        u1_0.password,
        u1_0.usuario 
    from
        usuario u1_0 
    where
        u1_0.usuario=? 
        and u1_0.activo=?
17:10:08.117 [http-nio-auto-1-exec-10] DEBUG org.hibernate.SQL - 
    /* SELECT
        ra 
    FROM
        RolAsignado ra 
    JOIN
        
    FETCH
        ra.rol r 
    WHERE
        ra.usuario.id = :usuarioId 
        AND ra.activo = true 
        AND r.activo = true */ select
            ra1_0.id_rol,
            ra1_0.id_usuario,
            ra1_0.activo,
            ra1_0.fecha_creacion,
            ra1_0.fecha_modificacion,
            r1_0.id,
            r1_0.activo,
            r1_0.fecha_creacion,
            r1_0.fecha_modificacion,
            r1_0.nombre 
        from
            rol_asignado ra1_0 
        join
            rol r1_0 
                on r1_0.id=ra1_0.id_rol 
        where
            ra1_0.id_usuario=? 
            and ra1_0.activo=1 
            and r1_0.activo=1
17:10:08.120 [http-nio-auto-1-exec-10] DEBUG m.c.qtx.seguridad.service.JwtService - Configuración JWT - accessTokenExpiration: 3600000 ms
17:10:08.120 [http-nio-auto-1-exec-10] DEBUG m.c.qtx.seguridad.service.JwtService - Token times - now: Wed Jul 02 17:10:08 MST 2025, expiration: Wed Jul 02 18:10:08 MST 2025
17:10:08.122 [http-nio-auto-1-exec-10] DEBUG m.c.qtx.seguridad.service.JwtService - Access token generado para usuario: admin con roles: [ADMIN]
17:10:08.124 [http-nio-auto-1-exec-10] DEBUG m.c.qtx.seguridad.service.JwtService - Refresh token generado para usuario: admin
17:10:08.125 [http-nio-auto-1-exec-10] INFO  m.c.q.seguridad.service.AuthService - Autenticación exitosa para usuario: admin con roles: [ADMIN]
17:10:08.142 [http-nio-auto-1-exec-2] DEBUG m.c.qtx.seguridad.service.JwtService - Token validado exitosamente para usuario: admin
17:10:08.143 [http-nio-auto-1-exec-2] DEBUG m.c.qtx.seguridad.service.JwtService - Token validado exitosamente para usuario: admin
17:10:08.145 [http-nio-auto-1-exec-2] DEBUG m.c.qtx.seguridad.service.JwtService - Token validado exitosamente para usuario: admin
17:10:08.146 [http-nio-auto-1-exec-2] DEBUG m.c.qtx.seguridad.service.JwtService - Token validado exitosamente para usuario: admin
17:10:08.146 [http-nio-auto-1-exec-2] DEBUG m.c.qtx.seguridad.service.JwtService - Token validado exitosamente para usuario: admin
17:10:08.147 [http-nio-auto-1-exec-2] DEBUG m.c.qtx.seguridad.service.JwtService - Token validado exitosamente para usuario: admin
17:10:08.148 [http-nio-auto-1-exec-2] DEBUG m.c.q.s.s.JwtAuthenticationFilter - Usuario autenticado: admin con roles: [ADMIN]
17:10:08.149 [http-nio-auto-1-exec-2] WARN  m.c.q.s.service.KeyManagementService - Generando nuevas llaves RSA por solicitud
17:10:08.149 [http-nio-auto-1-exec-2] WARN  m.c.q.s.config.RsaKeyProvider - Iniciando rotación de llaves RSA
17:10:08.150 [http-nio-auto-1-exec-2] INFO  m.c.q.s.config.RsaKeyProvider - Generando nuevo par de llaves RSA de 2048 bits
17:10:08.210 [http-nio-auto-1-exec-2] INFO  m.c.q.s.config.RsaKeyProvider - Par de llaves RSA generado exitosamente en Wed Jul 02 17:10:08 MST 2025
17:10:08.210 [http-nio-auto-1-exec-2] WARN  m.c.q.s.config.RsaKeyProvider - Rotación de llaves completada. Llaves anteriores generadas en Wed Jul 02 17:10:07 MST 2025 han sido invalidadas
]]></system-out>
  </testcase>
  <testcase name="shouldValidateAuthorizationOnProtectedEndpoints" classname="mx.com.qtx.seguridad.integration.KeyControllerIntegrationTest" time="0.042">
    <system-out><![CDATA[17:10:08.236 [http-nio-auto-1-exec-4] WARN  m.c.q.s.security.JwtExceptionHandler - Error de autenticación para /seguridad/v1/api/keys/private: Full authentication is required to access this resource
17:10:08.246 [http-nio-auto-1-exec-5] WARN  m.c.q.s.security.JwtExceptionHandler - Error de autenticación para /seguridad/v1/api/keys/keypair: Full authentication is required to access this resource
17:10:08.254 [http-nio-auto-1-exec-6] WARN  m.c.q.s.security.JwtExceptionHandler - Error de autenticación para /seguridad/v1/api/keys/info: Full authentication is required to access this resource
17:10:08.264 [http-nio-auto-1-exec-7] WARN  m.c.q.s.security.JwtExceptionHandler - Error de autenticación para /seguridad/v1/api/keys/generate: Full authentication is required to access this resource
]]></system-out>
  </testcase>
  <testcase name="shouldIncludeCompleteMetadata" classname="mx.com.qtx.seguridad.integration.KeyControllerIntegrationTest" time="0.013"/>
  <testcase name="shouldRejectNonAdminUserForKeyGeneration" classname="mx.com.qtx.seguridad.integration.KeyControllerIntegrationTest" time="0.013">
    <system-out><![CDATA[17:10:08.291 [http-nio-auto-1-exec-9] WARN  m.c.q.s.security.JwtExceptionHandler - Error de autenticación para /seguridad/v1/api/keys/generate: Full authentication is required to access this resource
]]></system-out>
  </testcase>
  <testcase name="shouldBeAccessibleWithoutAuthenticationForHealth" classname="mx.com.qtx.seguridad.integration.KeyControllerIntegrationTest" time="0.02"/>
  <testcase name="shouldReturnKeyServiceHealth" classname="mx.com.qtx.seguridad.integration.KeyControllerIntegrationTest" time="0.014"/>
  <testcase name="shouldMaintainConsistencyBetweenEndpoints" classname="mx.com.qtx.seguridad.integration.KeyControllerIntegrationTest" time="0.342">
    <system-out><![CDATA[17:10:08.350 [http-nio-auto-1-exec-2] INFO  m.c.q.seguridad.service.AuthService - Intento de autenticación para usuario: admin
17:10:08.353 [http-nio-auto-1-exec-2] DEBUG org.hibernate.SQL - 
    /* <criteria> */ select
        u1_0.id,
        u1_0.activo,
        u1_0.fecha_creacion,
        u1_0.fecha_modificacion,
        u1_0.password,
        u1_0.usuario 
    from
        usuario u1_0 
    where
        u1_0.usuario=? 
        and u1_0.activo=?
17:10:08.641 [http-nio-auto-1-exec-2] DEBUG org.hibernate.SQL - 
    /* SELECT
        ra 
    FROM
        RolAsignado ra 
    JOIN
        
    FETCH
        ra.rol r 
    WHERE
        ra.usuario.id = :usuarioId 
        AND ra.activo = true 
        AND r.activo = true */ select
            ra1_0.id_rol,
            ra1_0.id_usuario,
            ra1_0.activo,
            ra1_0.fecha_creacion,
            ra1_0.fecha_modificacion,
            r1_0.id,
            r1_0.activo,
            r1_0.fecha_creacion,
            r1_0.fecha_modificacion,
            r1_0.nombre 
        from
            rol_asignado ra1_0 
        join
            rol r1_0 
                on r1_0.id=ra1_0.id_rol 
        where
            ra1_0.id_usuario=? 
            and ra1_0.activo=1 
            and r1_0.activo=1
17:10:08.644 [http-nio-auto-1-exec-2] DEBUG m.c.qtx.seguridad.service.JwtService - Configuración JWT - accessTokenExpiration: 3600000 ms
17:10:08.645 [http-nio-auto-1-exec-2] DEBUG m.c.qtx.seguridad.service.JwtService - Token times - now: Wed Jul 02 17:10:08 MST 2025, expiration: Wed Jul 02 18:10:08 MST 2025
17:10:08.647 [http-nio-auto-1-exec-2] DEBUG m.c.qtx.seguridad.service.JwtService - Access token generado para usuario: admin con roles: [ADMIN]
17:10:08.649 [http-nio-auto-1-exec-2] DEBUG m.c.qtx.seguridad.service.JwtService - Refresh token generado para usuario: admin
17:10:08.650 [http-nio-auto-1-exec-2] INFO  m.c.q.seguridad.service.AuthService - Autenticación exitosa para usuario: admin con roles: [ADMIN]
17:10:08.665 [http-nio-auto-1-exec-4] DEBUG m.c.qtx.seguridad.service.JwtService - Token validado exitosamente para usuario: admin
17:10:08.666 [http-nio-auto-1-exec-4] DEBUG m.c.qtx.seguridad.service.JwtService - Token validado exitosamente para usuario: admin
17:10:08.667 [http-nio-auto-1-exec-4] DEBUG m.c.qtx.seguridad.service.JwtService - Token validado exitosamente para usuario: admin
17:10:08.668 [http-nio-auto-1-exec-4] DEBUG m.c.qtx.seguridad.service.JwtService - Token validado exitosamente para usuario: admin
17:10:08.669 [http-nio-auto-1-exec-4] DEBUG m.c.qtx.seguridad.service.JwtService - Token validado exitosamente para usuario: admin
17:10:08.670 [http-nio-auto-1-exec-4] DEBUG m.c.qtx.seguridad.service.JwtService - Token validado exitosamente para usuario: admin
17:10:08.670 [http-nio-auto-1-exec-4] DEBUG m.c.q.s.s.JwtAuthenticationFilter - Usuario autenticado: admin con roles: [ADMIN]
]]></system-out>
  </testcase>
  <testcase name="shouldReturnKeyInfoWithoutSensitiveContent" classname="mx.com.qtx.seguridad.integration.KeyControllerIntegrationTest" time="0.305">
    <system-out><![CDATA[17:10:08.683 [http-nio-auto-1-exec-5] INFO  m.c.q.seguridad.service.AuthService - Intento de autenticación para usuario: admin
17:10:08.686 [http-nio-auto-1-exec-5] DEBUG org.hibernate.SQL - 
    /* <criteria> */ select
        u1_0.id,
        u1_0.activo,
        u1_0.fecha_creacion,
        u1_0.fecha_modificacion,
        u1_0.password,
        u1_0.usuario 
    from
        usuario u1_0 
    where
        u1_0.usuario=? 
        and u1_0.activo=?
17:10:08.956 [http-nio-auto-1-exec-5] DEBUG org.hibernate.SQL - 
    /* SELECT
        ra 
    FROM
        RolAsignado ra 
    JOIN
        
    FETCH
        ra.rol r 
    WHERE
        ra.usuario.id = :usuarioId 
        AND ra.activo = true 
        AND r.activo = true */ select
            ra1_0.id_rol,
            ra1_0.id_usuario,
            ra1_0.activo,
            ra1_0.fecha_creacion,
            ra1_0.fecha_modificacion,
            r1_0.id,
            r1_0.activo,
            r1_0.fecha_creacion,
            r1_0.fecha_modificacion,
            r1_0.nombre 
        from
            rol_asignado ra1_0 
        join
            rol r1_0 
                on r1_0.id=ra1_0.id_rol 
        where
            ra1_0.id_usuario=? 
            and ra1_0.activo=1 
            and r1_0.activo=1
17:10:08.958 [http-nio-auto-1-exec-5] DEBUG m.c.qtx.seguridad.service.JwtService - Configuración JWT - accessTokenExpiration: 3600000 ms
17:10:08.959 [http-nio-auto-1-exec-5] DEBUG m.c.qtx.seguridad.service.JwtService - Token times - now: Wed Jul 02 17:10:08 MST 2025, expiration: Wed Jul 02 18:10:08 MST 2025
17:10:08.960 [http-nio-auto-1-exec-5] DEBUG m.c.qtx.seguridad.service.JwtService - Access token generado para usuario: admin con roles: [ADMIN]
17:10:08.962 [http-nio-auto-1-exec-5] DEBUG m.c.qtx.seguridad.service.JwtService - Refresh token generado para usuario: admin
17:10:08.963 [http-nio-auto-1-exec-5] INFO  m.c.q.seguridad.service.AuthService - Autenticación exitosa para usuario: admin con roles: [ADMIN]
17:10:08.971 [http-nio-auto-1-exec-6] DEBUG m.c.qtx.seguridad.service.JwtService - Token validado exitosamente para usuario: admin
17:10:08.972 [http-nio-auto-1-exec-6] DEBUG m.c.qtx.seguridad.service.JwtService - Token validado exitosamente para usuario: admin
17:10:08.974 [http-nio-auto-1-exec-6] DEBUG m.c.qtx.seguridad.service.JwtService - Token validado exitosamente para usuario: admin
17:10:08.974 [http-nio-auto-1-exec-6] DEBUG m.c.qtx.seguridad.service.JwtService - Token validado exitosamente para usuario: admin
17:10:08.975 [http-nio-auto-1-exec-6] DEBUG m.c.qtx.seguridad.service.JwtService - Token validado exitosamente para usuario: admin
17:10:08.976 [http-nio-auto-1-exec-6] DEBUG m.c.qtx.seguridad.service.JwtService - Token validado exitosamente para usuario: admin
17:10:08.976 [http-nio-auto-1-exec-6] DEBUG m.c.q.s.s.JwtAuthenticationFilter - Usuario autenticado: admin con roles: [ADMIN]
]]></system-out>
  </testcase>
  <testcase name="shouldBeAccessibleWithoutAuthorizationToken" classname="mx.com.qtx.seguridad.integration.KeyControllerIntegrationTest" time="0.009"/>
  <testcase name="shouldRequireAdminAuthenticationForPrivateKey" classname="mx.com.qtx.seguridad.integration.KeyControllerIntegrationTest" time="0.341">
    <system-out><![CDATA[17:10:09.003 [http-nio-auto-1-exec-8] WARN  m.c.q.s.security.JwtExceptionHandler - Error de autenticación para /seguridad/v1/api/keys/private: Full authentication is required to access this resource
17:10:09.018 [http-nio-auto-1-exec-9] INFO  m.c.q.seguridad.service.AuthService - Intento de autenticación para usuario: admin
17:10:09.020 [http-nio-auto-1-exec-9] DEBUG org.hibernate.SQL - 
    /* <criteria> */ select
        u1_0.id,
        u1_0.activo,
        u1_0.fecha_creacion,
        u1_0.fecha_modificacion,
        u1_0.password,
        u1_0.usuario 
    from
        usuario u1_0 
    where
        u1_0.usuario=? 
        and u1_0.activo=?
17:10:09.300 [http-nio-auto-1-exec-9] DEBUG org.hibernate.SQL - 
    /* SELECT
        ra 
    FROM
        RolAsignado ra 
    JOIN
        
    FETCH
        ra.rol r 
    WHERE
        ra.usuario.id = :usuarioId 
        AND ra.activo = true 
        AND r.activo = true */ select
            ra1_0.id_rol,
            ra1_0.id_usuario,
            ra1_0.activo,
            ra1_0.fecha_creacion,
            ra1_0.fecha_modificacion,
            r1_0.id,
            r1_0.activo,
            r1_0.fecha_creacion,
            r1_0.fecha_modificacion,
            r1_0.nombre 
        from
            rol_asignado ra1_0 
        join
            rol r1_0 
                on r1_0.id=ra1_0.id_rol 
        where
            ra1_0.id_usuario=? 
            and ra1_0.activo=1 
            and r1_0.activo=1
17:10:09.303 [http-nio-auto-1-exec-9] DEBUG m.c.qtx.seguridad.service.JwtService - Configuración JWT - accessTokenExpiration: 3600000 ms
17:10:09.304 [http-nio-auto-1-exec-9] DEBUG m.c.qtx.seguridad.service.JwtService - Token times - now: Wed Jul 02 17:10:09 MST 2025, expiration: Wed Jul 02 18:10:09 MST 2025
17:10:09.306 [http-nio-auto-1-exec-9] DEBUG m.c.qtx.seguridad.service.JwtService - Access token generado para usuario: admin con roles: [ADMIN]
17:10:09.308 [http-nio-auto-1-exec-9] DEBUG m.c.qtx.seguridad.service.JwtService - Refresh token generado para usuario: admin
17:10:09.308 [http-nio-auto-1-exec-9] INFO  m.c.q.seguridad.service.AuthService - Autenticación exitosa para usuario: admin con roles: [ADMIN]
17:10:09.316 [http-nio-auto-1-exec-10] DEBUG m.c.qtx.seguridad.service.JwtService - Token validado exitosamente para usuario: admin
17:10:09.319 [http-nio-auto-1-exec-10] DEBUG m.c.qtx.seguridad.service.JwtService - Token validado exitosamente para usuario: admin
17:10:09.324 [http-nio-auto-1-exec-10] DEBUG m.c.qtx.seguridad.service.JwtService - Token validado exitosamente para usuario: admin
17:10:09.326 [http-nio-auto-1-exec-10] DEBUG m.c.qtx.seguridad.service.JwtService - Token validado exitosamente para usuario: admin
17:10:09.327 [http-nio-auto-1-exec-10] DEBUG m.c.qtx.seguridad.service.JwtService - Token validado exitosamente para usuario: admin
17:10:09.328 [http-nio-auto-1-exec-10] DEBUG m.c.qtx.seguridad.service.JwtService - Token validado exitosamente para usuario: admin
17:10:09.328 [http-nio-auto-1-exec-10] DEBUG m.c.q.s.s.JwtAuthenticationFilter - Usuario autenticado: admin con roles: [ADMIN]
]]></system-out>
  </testcase>
  <testcase name="shouldReturnKeysInValidPemFormat" classname="mx.com.qtx.seguridad.integration.KeyControllerIntegrationTest" time="0.312">
    <system-out><![CDATA[17:10:09.347 [http-nio-auto-1-exec-1] INFO  m.c.q.seguridad.service.AuthService - Intento de autenticación para usuario: admin
17:10:09.349 [http-nio-auto-1-exec-1] DEBUG org.hibernate.SQL - 
    /* <criteria> */ select
        u1_0.id,
        u1_0.activo,
        u1_0.fecha_creacion,
        u1_0.fecha_modificacion,
        u1_0.password,
        u1_0.usuario 
    from
        usuario u1_0 
    where
        u1_0.usuario=? 
        and u1_0.activo=?
17:10:09.617 [http-nio-auto-1-exec-1] DEBUG org.hibernate.SQL - 
    /* SELECT
        ra 
    FROM
        RolAsignado ra 
    JOIN
        
    FETCH
        ra.rol r 
    WHERE
        ra.usuario.id = :usuarioId 
        AND ra.activo = true 
        AND r.activo = true */ select
            ra1_0.id_rol,
            ra1_0.id_usuario,
            ra1_0.activo,
            ra1_0.fecha_creacion,
            ra1_0.fecha_modificacion,
            r1_0.id,
            r1_0.activo,
            r1_0.fecha_creacion,
            r1_0.fecha_modificacion,
            r1_0.nombre 
        from
            rol_asignado ra1_0 
        join
            rol r1_0 
                on r1_0.id=ra1_0.id_rol 
        where
            ra1_0.id_usuario=? 
            and ra1_0.activo=1 
            and r1_0.activo=1
17:10:09.620 [http-nio-auto-1-exec-1] DEBUG m.c.qtx.seguridad.service.JwtService - Configuración JWT - accessTokenExpiration: 3600000 ms
17:10:09.620 [http-nio-auto-1-exec-1] DEBUG m.c.qtx.seguridad.service.JwtService - Token times - now: Wed Jul 02 17:10:09 MST 2025, expiration: Wed Jul 02 18:10:09 MST 2025
17:10:09.622 [http-nio-auto-1-exec-1] DEBUG m.c.qtx.seguridad.service.JwtService - Access token generado para usuario: admin con roles: [ADMIN]
17:10:09.624 [http-nio-auto-1-exec-1] DEBUG m.c.qtx.seguridad.service.JwtService - Refresh token generado para usuario: admin
17:10:09.624 [http-nio-auto-1-exec-1] INFO  m.c.q.seguridad.service.AuthService - Autenticación exitosa para usuario: admin con roles: [ADMIN]
17:10:09.638 [http-nio-auto-1-exec-3] DEBUG m.c.qtx.seguridad.service.JwtService - Token validado exitosamente para usuario: admin
17:10:09.640 [http-nio-auto-1-exec-3] DEBUG m.c.qtx.seguridad.service.JwtService - Token validado exitosamente para usuario: admin
17:10:09.642 [http-nio-auto-1-exec-3] DEBUG m.c.qtx.seguridad.service.JwtService - Token validado exitosamente para usuario: admin
17:10:09.643 [http-nio-auto-1-exec-3] DEBUG m.c.qtx.seguridad.service.JwtService - Token validado exitosamente para usuario: admin
17:10:09.644 [http-nio-auto-1-exec-3] DEBUG m.c.qtx.seguridad.service.JwtService - Token validado exitosamente para usuario: admin
17:10:09.644 [http-nio-auto-1-exec-3] DEBUG m.c.qtx.seguridad.service.JwtService - Token validado exitosamente para usuario: admin
17:10:09.645 [http-nio-auto-1-exec-3] DEBUG m.c.q.s.s.JwtAuthenticationFilter - Usuario autenticado: admin con roles: [ADMIN]
]]></system-out>
  </testcase>
  <testcase name="shouldReturnPublicKeyWithoutAuthentication" classname="mx.com.qtx.seguridad.integration.KeyControllerIntegrationTest" time="0.018"/>
</testsuite>