<?xml version="1.0" encoding="UTF-8"?>
<testsuite xmlns:xsi="http://www.w3.org/2001/XMLSchema-instance" xsi:noNamespaceSchemaLocation="https://maven.apache.org/surefire/maven-surefire-plugin/xsd/surefire-test-report.xsd" version="3.0.2" name="mx.com.qtx.seguridad.service.JwtServiceTest" time="2.495" tests="19" errors="0" skipped="0" failures="0">
  <properties>
[...]
</properties>
  <testcase name="shouldValidateTokenCorrectly" classname="mx.com.qtx.seguridad.service.JwtServiceTest" time="0.078">
    <system-out><![CDATA[17:10:40.426 [main] DEBUG m.c.qtx.seguridad.service.JwtService - Configuración JWT - accessTokenExpiration: 3600000 ms
17:10:40.426 [main] DEBUG m.c.qtx.seguridad.service.JwtService - Token times - now: Wed Jul 02 17:10:40 MST 2025, expiration: Wed Jul 02 18:10:40 MST 2025
17:10:40.434 [main] DEBUG m.c.qtx.seguridad.service.JwtService - Access token generado para usuario: testuser con roles: [USER]
17:10:40.439 [main] DEBUG m.c.qtx.seguridad.service.JwtService - Token validado exitosamente para usuario: testuser
]]></system-out>
  </testcase>
  <testcase name="shouldExtractRolesCorrectly" classname="mx.com.qtx.seguridad.service.JwtServiceTest" time="0.049">
    <system-out><![CDATA[17:10:40.479 [main] DEBUG m.c.qtx.seguridad.service.JwtService - Configuración JWT - accessTokenExpiration: 3600000 ms
17:10:40.482 [main] DEBUG m.c.qtx.seguridad.service.JwtService - Token times - now: Wed Jul 02 17:10:40 MST 2025, expiration: Wed Jul 02 18:10:40 MST 2025
17:10:40.488 [main] DEBUG m.c.qtx.seguridad.service.JwtService - Access token generado para usuario: testuser con roles: [USER, ADMIN, SUPERVISOR]
17:10:40.491 [main] DEBUG m.c.qtx.seguridad.service.JwtService - Token validado exitosamente para usuario: testuser
]]></system-out>
  </testcase>
  <testcase name="shouldValidateRefreshTokenSpecifically" classname="mx.com.qtx.seguridad.service.JwtServiceTest" time="0.147">
    <system-out><![CDATA[17:10:40.634 [main] DEBUG m.c.qtx.seguridad.service.JwtService - Refresh token generado para usuario: testuser
17:10:40.636 [main] DEBUG m.c.qtx.seguridad.service.JwtService - Token validado exitosamente para usuario: testuser
17:10:40.638 [main] DEBUG m.c.qtx.seguridad.service.JwtService - Token validado exitosamente para usuario: testuser
]]></system-out>
  </testcase>
  <testcase name="shouldIdentifyRefreshTokenCorrectly" classname="mx.com.qtx.seguridad.service.JwtServiceTest" time="0.095">
    <system-out><![CDATA[17:10:40.721 [main] DEBUG m.c.qtx.seguridad.service.JwtService - Configuración JWT - accessTokenExpiration: 3600000 ms
17:10:40.721 [main] DEBUG m.c.qtx.seguridad.service.JwtService - Token times - now: Wed Jul 02 17:10:40 MST 2025, expiration: Wed Jul 02 18:10:40 MST 2025
17:10:40.726 [main] DEBUG m.c.qtx.seguridad.service.JwtService - Access token generado para usuario: testuser con roles: [USER]
17:10:40.729 [main] DEBUG m.c.qtx.seguridad.service.JwtService - Refresh token generado para usuario: testuser
17:10:40.731 [main] DEBUG m.c.qtx.seguridad.service.JwtService - Token validado exitosamente para usuario: testuser
17:10:40.734 [main] DEBUG m.c.qtx.seguridad.service.JwtService - Token validado exitosamente para usuario: testuser
]]></system-out>
  </testcase>
  <testcase name="shouldHandleNullOrEmptyToken" classname="mx.com.qtx.seguridad.service.JwtServiceTest" time="0.181">
    <system-out><![CDATA[17:10:40.911 [main] ERROR m.c.qtx.seguridad.service.JwtService - Token JWT inválido: CharSequence cannot be null or empty.
17:10:40.912 [main] ERROR m.c.qtx.seguridad.service.JwtService - Token JWT inválido: CharSequence cannot be null or empty.
17:10:40.913 [main] ERROR m.c.qtx.seguridad.service.JwtService - Token JWT inválido: CharSequence cannot be null or empty.
17:10:40.913 [main] ERROR m.c.qtx.seguridad.service.JwtService - Token JWT inválido: CharSequence cannot be null or empty.
17:10:40.914 [main] DEBUG m.c.qtx.seguridad.service.JwtService - Token inválido: CharSequence cannot be null or empty.
17:10:40.914 [main] ERROR m.c.qtx.seguridad.service.JwtService - Token JWT inválido: CharSequence cannot be null or empty.
17:10:40.914 [main] DEBUG m.c.qtx.seguridad.service.JwtService - Token inválido: CharSequence cannot be null or empty.
17:10:40.915 [main] ERROR m.c.qtx.seguridad.service.JwtService - Token JWT inválido: CharSequence cannot be null or empty.
17:10:40.915 [main] DEBUG m.c.qtx.seguridad.service.JwtService - Token inválido: CharSequence cannot be null or empty.
]]></system-out>
  </testcase>
  <testcase name="shouldGetCompleteTokenInfo" classname="mx.com.qtx.seguridad.service.JwtServiceTest" time="0.199">
    <system-out><![CDATA[17:10:41.103 [main] DEBUG m.c.qtx.seguridad.service.JwtService - Configuración JWT - accessTokenExpiration: 3600000 ms
17:10:41.103 [main] DEBUG m.c.qtx.seguridad.service.JwtService - Token times - now: Wed Jul 02 17:10:41 MST 2025, expiration: Wed Jul 02 18:10:41 MST 2025
17:10:41.107 [main] DEBUG m.c.qtx.seguridad.service.JwtService - Access token generado para usuario: testuser con roles: [USER, ADMIN]
17:10:41.109 [main] DEBUG m.c.qtx.seguridad.service.JwtService - Token validado exitosamente para usuario: testuser
17:10:41.110 [main] DEBUG m.c.qtx.seguridad.service.JwtService - Token validado exitosamente para usuario: testuser
17:10:41.111 [main] DEBUG m.c.qtx.seguridad.service.JwtService - Token validado exitosamente para usuario: testuser
17:10:41.112 [main] DEBUG m.c.qtx.seguridad.service.JwtService - Token validado exitosamente para usuario: testuser
17:10:41.113 [main] DEBUG m.c.qtx.seguridad.service.JwtService - Token validado exitosamente para usuario: testuser
17:10:41.114 [main] DEBUG m.c.qtx.seguridad.service.JwtService - Token validado exitosamente para usuario: testuser
]]></system-out>
  </testcase>
  <testcase name="shouldRejectTokenWithInvalidSignature" classname="mx.com.qtx.seguridad.service.JwtServiceTest" time="0.061">
    <system-out><![CDATA[17:10:41.168 [main] DEBUG m.c.qtx.seguridad.service.JwtService - Configuración JWT - accessTokenExpiration: 3600000 ms
17:10:41.168 [main] DEBUG m.c.qtx.seguridad.service.JwtService - Token times - now: Wed Jul 02 17:10:41 MST 2025, expiration: Wed Jul 02 18:10:41 MST 2025
17:10:41.171 [main] DEBUG m.c.qtx.seguridad.service.JwtService - Access token generado para usuario: testuser con roles: [USER]
17:10:41.176 [main] DEBUG m.c.qtx.seguridad.service.JwtService - Token inválido: JWT signature does not match locally computed signature. JWT validity cannot be asserted and should not be trusted.
]]></system-out>
  </testcase>
  <testcase name="shouldDetectExpiredTokenCorrectly" classname="mx.com.qtx.seguridad.service.JwtServiceTest" time="0.255">
    <system-out><![CDATA[17:10:41.425 [main] DEBUG m.c.qtx.seguridad.service.JwtService - Configuración JWT - accessTokenExpiration: 3600000 ms
17:10:41.426 [main] DEBUG m.c.qtx.seguridad.service.JwtService - Token times - now: Wed Jul 02 17:10:41 MST 2025, expiration: Wed Jul 02 18:10:41 MST 2025
17:10:41.428 [main] DEBUG m.c.qtx.seguridad.service.JwtService - Access token generado para usuario: testuser con roles: [USER]
17:10:41.430 [main] DEBUG m.c.qtx.seguridad.service.JwtService - Token validado exitosamente para usuario: testuser
17:10:41.431 [main] DEBUG m.c.qtx.seguridad.service.JwtService - Token validado exitosamente para usuario: testuser
17:10:41.432 [main] DEBUG m.c.qtx.seguridad.service.JwtService - Token validado exitosamente para usuario: testuser
]]></system-out>
  </testcase>
  <testcase name="shouldIdentifyAccessTokenCorrectly" classname="mx.com.qtx.seguridad.service.JwtServiceTest" time="0.096">
    <system-out><![CDATA[17:10:41.518 [main] DEBUG m.c.qtx.seguridad.service.JwtService - Configuración JWT - accessTokenExpiration: 3600000 ms
17:10:41.518 [main] DEBUG m.c.qtx.seguridad.service.JwtService - Token times - now: Wed Jul 02 17:10:41 MST 2025, expiration: Wed Jul 02 18:10:41 MST 2025
17:10:41.522 [main] DEBUG m.c.qtx.seguridad.service.JwtService - Access token generado para usuario: testuser con roles: [USER]
17:10:41.525 [main] DEBUG m.c.qtx.seguridad.service.JwtService - Refresh token generado para usuario: testuser
17:10:41.527 [main] DEBUG m.c.qtx.seguridad.service.JwtService - Token validado exitosamente para usuario: testuser
17:10:41.529 [main] DEBUG m.c.qtx.seguridad.service.JwtService - Token validado exitosamente para usuario: testuser
]]></system-out>
  </testcase>
  <testcase name="shouldCalculateRemainingTimeCorrectly" classname="mx.com.qtx.seguridad.service.JwtServiceTest" time="0.098">
    <system-out><![CDATA[17:10:41.622 [main] DEBUG m.c.qtx.seguridad.service.JwtService - Configuración JWT - accessTokenExpiration: 3600000 ms
17:10:41.623 [main] DEBUG m.c.qtx.seguridad.service.JwtService - Token times - now: Wed Jul 02 17:10:41 MST 2025, expiration: Wed Jul 02 18:10:41 MST 2025
17:10:41.626 [main] DEBUG m.c.qtx.seguridad.service.JwtService - Access token generado para usuario: testuser con roles: [USER]
17:10:41.628 [main] DEBUG m.c.qtx.seguridad.service.JwtService - Token validado exitosamente para usuario: testuser
]]></system-out>
  </testcase>
  <testcase name="shouldRejectAccessTokenAsRefreshToken" classname="mx.com.qtx.seguridad.service.JwtServiceTest" time="0.117">
    <system-out><![CDATA[17:10:41.738 [main] DEBUG m.c.qtx.seguridad.service.JwtService - Configuración JWT - accessTokenExpiration: 3600000 ms
17:10:41.739 [main] DEBUG m.c.qtx.seguridad.service.JwtService - Token times - now: Wed Jul 02 17:10:41 MST 2025, expiration: Wed Jul 02 18:10:41 MST 2025
17:10:41.741 [main] DEBUG m.c.qtx.seguridad.service.JwtService - Access token generado para usuario: testuser con roles: [USER]
17:10:41.744 [main] DEBUG m.c.qtx.seguridad.service.JwtService - Token validado exitosamente para usuario: testuser
17:10:41.745 [main] DEBUG m.c.qtx.seguridad.service.JwtService - Token validado exitosamente para usuario: testuser
]]></system-out>
  </testcase>
  <testcase name="shouldGenerateValidRefreshToken" classname="mx.com.qtx.seguridad.service.JwtServiceTest" time="0.084">
    <system-out><![CDATA[17:10:41.828 [main] DEBUG m.c.qtx.seguridad.service.JwtService - Refresh token generado para usuario: testuser
17:10:41.829 [main] DEBUG m.c.qtx.seguridad.service.JwtService - Token validado exitosamente para usuario: testuser
17:10:41.830 [main] DEBUG m.c.qtx.seguridad.service.JwtService - Token validado exitosamente para usuario: testuser
]]></system-out>
  </testcase>
  <testcase name="shouldGenerateValidAccessToken" classname="mx.com.qtx.seguridad.service.JwtServiceTest" time="0.076">
    <system-out><![CDATA[17:10:41.900 [main] DEBUG m.c.qtx.seguridad.service.JwtService - Configuración JWT - accessTokenExpiration: 3600000 ms
17:10:41.901 [main] DEBUG m.c.qtx.seguridad.service.JwtService - Token times - now: Wed Jul 02 17:10:41 MST 2025, expiration: Wed Jul 02 18:10:41 MST 2025
17:10:41.903 [main] DEBUG m.c.qtx.seguridad.service.JwtService - Access token generado para usuario: testuser con roles: [USER, ADMIN]
17:10:41.905 [main] DEBUG m.c.qtx.seguridad.service.JwtService - Token validado exitosamente para usuario: testuser
17:10:41.907 [main] DEBUG m.c.qtx.seguridad.service.JwtService - Token validado exitosamente para usuario: testuser
]]></system-out>
  </testcase>
  <testcase name="shouldExtractUsernameCorrectly" classname="mx.com.qtx.seguridad.service.JwtServiceTest" time="0.182">
    <system-out><![CDATA[17:10:42.085 [main] DEBUG m.c.qtx.seguridad.service.JwtService - Configuración JWT - accessTokenExpiration: 3600000 ms
17:10:42.085 [main] DEBUG m.c.qtx.seguridad.service.JwtService - Token times - now: Wed Jul 02 17:10:42 MST 2025, expiration: Wed Jul 02 18:10:42 MST 2025
17:10:42.088 [main] DEBUG m.c.qtx.seguridad.service.JwtService - Access token generado para usuario: testuser con roles: [USER]
17:10:42.089 [main] DEBUG m.c.qtx.seguridad.service.JwtService - Token validado exitosamente para usuario: testuser
]]></system-out>
  </testcase>
  <testcase name="shouldHandleEmptyRoles" classname="mx.com.qtx.seguridad.service.JwtServiceTest" time="0.256">
    <system-out><![CDATA[17:10:42.342 [main] DEBUG m.c.qtx.seguridad.service.JwtService - Configuración JWT - accessTokenExpiration: 3600000 ms
17:10:42.342 [main] DEBUG m.c.qtx.seguridad.service.JwtService - Token times - now: Wed Jul 02 17:10:42 MST 2025, expiration: Wed Jul 02 18:10:42 MST 2025
17:10:42.345 [main] DEBUG m.c.qtx.seguridad.service.JwtService - Access token generado para usuario: testuser con roles: []
17:10:42.346 [main] DEBUG m.c.qtx.seguridad.service.JwtService - Token validado exitosamente para usuario: testuser
]]></system-out>
  </testcase>
  <testcase name="shouldGenerateDifferentTokensForDifferentUsers" classname="mx.com.qtx.seguridad.service.JwtServiceTest" time="0.126">
    <system-out><![CDATA[17:10:42.463 [main] DEBUG m.c.qtx.seguridad.service.JwtService - Configuración JWT - accessTokenExpiration: 3600000 ms
17:10:42.463 [main] DEBUG m.c.qtx.seguridad.service.JwtService - Token times - now: Wed Jul 02 17:10:42 MST 2025, expiration: Wed Jul 02 18:10:42 MST 2025
17:10:42.465 [main] DEBUG m.c.qtx.seguridad.service.JwtService - Access token generado para usuario: user1 con roles: [USER]
17:10:42.466 [main] DEBUG m.c.qtx.seguridad.service.JwtService - Configuración JWT - accessTokenExpiration: 3600000 ms
17:10:42.466 [main] DEBUG m.c.qtx.seguridad.service.JwtService - Token times - now: Wed Jul 02 17:10:42 MST 2025, expiration: Wed Jul 02 18:10:42 MST 2025
17:10:42.468 [main] DEBUG m.c.qtx.seguridad.service.JwtService - Access token generado para usuario: user2 con roles: [USER]
17:10:42.469 [main] DEBUG m.c.qtx.seguridad.service.JwtService - Token validado exitosamente para usuario: user1
17:10:42.470 [main] DEBUG m.c.qtx.seguridad.service.JwtService - Token validado exitosamente para usuario: user2
17:10:42.471 [main] DEBUG m.c.qtx.seguridad.service.JwtService - Token validado exitosamente para usuario: user1
17:10:42.472 [main] DEBUG m.c.qtx.seguridad.service.JwtService - Token validado exitosamente para usuario: user2
]]></system-out>
  </testcase>
  <testcase name="shouldReturn0ForInvalidToken" classname="mx.com.qtx.seguridad.service.JwtServiceTest" time="0.076">
    <system-out><![CDATA[17:10:42.547 [main] ERROR m.c.qtx.seguridad.service.JwtService - Token JWT malformado: Malformed protected header JSON: Unable to deserialize: Unexpected character ('�' (code 65533 / 0xfffd)): expected a valid value (JSON String, Number, Array, Object or token 'null', 'true' or 'false')
 at [Source: REDACTED (`StreamReadFeature.INCLUDE_SOURCE_IN_LOCATION` disabled); line: 1, column: 1]
17:10:42.548 [main] DEBUG m.c.qtx.seguridad.service.JwtService - Error al calcular tiempo restante del token: Malformed protected header JSON: Unable to deserialize: Unexpected character ('�' (code 65533 / 0xfffd)): expected a valid value (JSON String, Number, Array, Object or token 'null', 'true' or 'false')
 at [Source: REDACTED (`StreamReadFeature.INCLUDE_SOURCE_IN_LOCATION` disabled); line: 1, column: 1]
]]></system-out>
  </testcase>
  <testcase name="shouldExtractUserIdCorrectly" classname="mx.com.qtx.seguridad.service.JwtServiceTest" time="0.136">
    <system-out><![CDATA[17:10:42.682 [main] DEBUG m.c.qtx.seguridad.service.JwtService - Configuración JWT - accessTokenExpiration: 3600000 ms
17:10:42.683 [main] DEBUG m.c.qtx.seguridad.service.JwtService - Token times - now: Wed Jul 02 17:10:42 MST 2025, expiration: Wed Jul 02 18:10:42 MST 2025
17:10:42.685 [main] DEBUG m.c.qtx.seguridad.service.JwtService - Access token generado para usuario: testuser con roles: [USER]
17:10:42.686 [main] DEBUG m.c.qtx.seguridad.service.JwtService - Token validado exitosamente para usuario: testuser
]]></system-out>
  </testcase>
  <testcase name="shouldRejectMalformedToken" classname="mx.com.qtx.seguridad.service.JwtServiceTest" time="0.17">
    <system-out><![CDATA[17:10:42.856 [main] ERROR m.c.qtx.seguridad.service.JwtService - Token JWT malformado: Invalid compact JWT string: Compact JWSs must contain exactly 2 period characters, and compact JWEs must contain exactly 4.  Found: 6
17:10:42.856 [main] ERROR m.c.qtx.seguridad.service.JwtService - Token JWT malformado: Invalid compact JWT string: Compact JWSs must contain exactly 2 period characters, and compact JWEs must contain exactly 4.  Found: 6
17:10:42.856 [main] DEBUG m.c.qtx.seguridad.service.JwtService - Token inválido: Invalid compact JWT string: Compact JWSs must contain exactly 2 period characters, and compact JWEs must contain exactly 4.  Found: 6
]]></system-out>
  </testcase>
</testsuite>